#
# There is insufficient memory for the Java Runtime Environment to continue.
# Native memory allocation (malloc) failed to allocate 362336 bytes. Error detail: Chunk::new
# Possible reasons:
#   The system is out of physical RAM or swap space
#   This process is running with CompressedOops enabled, and the Java Heap may be blocking the growth of the native heap
# Possible solutions:
#   Reduce memory load on the system
#   Increase physical memory or swap space
#   Check if swap backing store is full
#   Decrease Java heap size (-Xmx/-Xms)
#   Decrease number of Java threads
#   Decrease Java thread stack sizes (-Xss)
#   Set larger code cache with -XX:ReservedCodeCacheSize=
#   JVM is running with Unscaled Compressed Oops mode in which the Java heap is
#     placed in the first 4GB address space. The Java Heap base address is the
#     maximum limit for the native heap growth. Please use -XX:HeapBaseMinAddress
#     to set the Java Heap base and to place the Java Heap above 4GB virtual address.
# This output file may be truncated or incomplete.
#
#  Out of Memory Error (arena.cpp:168), pid=6532, tid=6992
#
# JRE version: OpenJDK Runtime Environment Temurin-21.0.4+7 (21.0.4+7) (build 21.0.4+7-LTS)
# Java VM: OpenJDK 64-Bit Server VM Temurin-21.0.4+7 (21.0.4+7-LTS, mixed mode, sharing, tiered, compressed oops, compressed class ptrs, g1 gc, windows-amd64)
# No core dump will be written. Minidumps are not enabled by default on client versions of Windows
#

---------------  S U M M A R Y ------------

Command Line: -Dorg.gradle.internal.worker.tmpdir=C:\Users\stefa\Desktop\Java\lab11\lab11\114-workers\build\tmp\test\work -javaagent:C:\Users\stefa\Desktop\Java\lab11\lab11\114-workers\build\tmp\.cache\expanded\zip_ff7bf8f04f99dc306508d1c81e47a68b\jacocoagent.jar=destfile=build/jacoco/test.exec,append=true,inclnolocationclasses=false,dumponexit=true,output=file,jmx=false -Xmx512m -Dfile.encoding=UTF-8 -Duser.country=IT -Duser.language=it -Duser.variant -ea worker.org.gradle.process.internal.worker.GradleWorkerMain 'Gradle Test Executor 7'

Host: Intel(R) Core(TM) i5-10210U CPU @ 1.60GHz, 8 cores, 7G,  Windows 11 , 64 bit Build 22621 (10.0.22621.4391)
Time: Wed Dec  4 17:47:37 2024 ora solare Europa occidentale elapsed time: 6.761663 seconds (0d 0h 0m 6s)

---------------  T H R E A D  ---------------

Current thread (0x00000204ffa17ad0):  JavaThread "C2 CompilerThread1" daemon [_thread_in_native, id=6992, stack(0x000000227b900000,0x000000227ba00000) (1024K)]


Current CompileTask:
C2:   6761 1957       4       org.jacoco.agent.rt.internal_aeaf9ab.asm.MethodWriter::visitFrame (811 bytes)

Stack: [0x000000227b900000,0x000000227ba00000]
Native frames: (J=compiled Java code, j=interpreted, Vv=VM code, C=native code)
V  [jvm.dll+0x6cbcf9]
V  [jvm.dll+0x8a5551]
V  [jvm.dll+0x8a7a7e]
V  [jvm.dll+0x8a8153]
V  [jvm.dll+0x27eca6]
V  [jvm.dll+0xc4aad]
V  [jvm.dll+0xc4fe3]
V  [jvm.dll+0x2f1abf]
V  [jvm.dll+0x5f532a]
V  [jvm.dll+0x2501d2]
V  [jvm.dll+0x2487ae]
V  [jvm.dll+0x2465e4]
V  [jvm.dll+0x1c6f7e]
V  [jvm.dll+0x255e7a]
V  [jvm.dll+0x25441a]
V  [jvm.dll+0x3eeef6]
V  [jvm.dll+0x84f17b]
V  [jvm.dll+0x6ca3fd]
C  [ucrtbase.dll+0x29333]
C  [KERNEL32.DLL+0x1259d]
C  [ntdll.dll+0x5af38]


---------------  P R O C E S S  ---------------

Threads class SMR info:
_java_thread_list=0x00000204d4c41af0, length=15, elements={
0x00000204f0c36980, 0x00000204febb6100, 0x00000204febb6d60, 0x00000204febbe300,
0x00000204febbed60, 0x00000204febbfbd0, 0x00000204febc0630, 0x00000204febc33d0,
0x00000204febc3e70, 0x00000204fec2b640, 0x00000204feed1460, 0x00000204ffa17ad0,
0x00000204d4618740, 0x00000204d4c4fc30, 0x00000204d55e5fe0
}

Java Threads: ( => current thread )
  0x00000204f0c36980 JavaThread "Test worker"                       [_thread_in_vm, id=15492, stack(0x000000227a700000,0x000000227a800000) (1024K)]
  0x00000204febb6100 JavaThread "Reference Handler"          daemon [_thread_blocked, id=7608, stack(0x000000227af00000,0x000000227b000000) (1024K)]
  0x00000204febb6d60 JavaThread "Finalizer"                  daemon [_thread_blocked, id=18656, stack(0x000000227b000000,0x000000227b100000) (1024K)]
  0x00000204febbe300 JavaThread "Signal Dispatcher"          daemon [_thread_blocked, id=13784, stack(0x000000227b100000,0x000000227b200000) (1024K)]
  0x00000204febbed60 JavaThread "Attach Listener"            daemon [_thread_blocked, id=10960, stack(0x000000227b200000,0x000000227b300000) (1024K)]
  0x00000204febbfbd0 JavaThread "Service Thread"             daemon [_thread_blocked, id=7232, stack(0x000000227b300000,0x000000227b400000) (1024K)]
  0x00000204febc0630 JavaThread "Monitor Deflation Thread"   daemon [_thread_blocked, id=14720, stack(0x000000227b400000,0x000000227b500000) (1024K)]
  0x00000204febc33d0 JavaThread "C2 CompilerThread0"         daemon [_thread_blocked, id=15280, stack(0x000000227b500000,0x000000227b600000) (1024K)]
  0x00000204febc3e70 JavaThread "C1 CompilerThread0"         daemon [_thread_blocked, id=15936, stack(0x000000227b600000,0x000000227b700000) (1024K)]
  0x00000204fec2b640 JavaThread "Common-Cleaner"             daemon [_thread_blocked, id=9676, stack(0x000000227b700000,0x000000227b800000) (1024K)]
  0x00000204feed1460 JavaThread "Notification Thread"        daemon [_thread_blocked, id=12228, stack(0x000000227b800000,0x000000227b900000) (1024K)]
=>0x00000204ffa17ad0 JavaThread "C2 CompilerThread1"         daemon [_thread_in_native, id=6992, stack(0x000000227b900000,0x000000227ba00000) (1024K)]
  0x00000204d4618740 JavaThread "/127.0.0.1:16873 to /127.0.0.1:16865 workers"        [_thread_blocked, id=19744, stack(0x000000227c100000,0x000000227c200000) (1024K)]
  0x00000204d4c4fc30 JavaThread "/127.0.0.1:16873 to /127.0.0.1:16865 workers Thread 2"        [_thread_blocked, id=16672, stack(0x000000227bf00000,0x000000227c000000) (1024K)]
  0x00000204d55e5fe0 JavaThread "/127.0.0.1:16873 to /127.0.0.1:16865 workers Thread 3"        [_thread_in_native, id=3084, stack(0x000000227c200000,0x000000227c300000) (1024K)]
Total: 15

Other Threads:
  0x00000204feb90d10 VMThread "VM Thread"                           [id=2484, stack(0x000000227ae00000,0x000000227af00000) (1024K)]
  0x00000204feb781e0 WatcherThread "VM Periodic Task Thread"        [id=7048, stack(0x000000227ad00000,0x000000227ae00000) (1024K)]
  0x00000204f2dec020 WorkerThread "GC Thread#0"                     [id=18068, stack(0x000000227a800000,0x000000227a900000) (1024K)]
  0x00000204d4421960 WorkerThread "GC Thread#1"                     [id=16296, stack(0x000000227ba00000,0x000000227bb00000) (1024K)]
  0x00000204d424eec0 WorkerThread "GC Thread#2"                     [id=7052, stack(0x000000227bb00000,0x000000227bc00000) (1024K)]
  0x00000204d44f3cf0 WorkerThread "GC Thread#3"                     [id=10064, stack(0x000000227bc00000,0x000000227bd00000) (1024K)]
  0x00000204d44f4090 WorkerThread "GC Thread#4"                     [id=18252, stack(0x000000227bd00000,0x000000227be00000) (1024K)]
  0x00000204ffc15fe0 WorkerThread "GC Thread#5"                     [id=19496, stack(0x000000227be00000,0x000000227bf00000) (1024K)]
  0x00000204d5394ea0 WorkerThread "GC Thread#6"                     [id=12988, stack(0x000000227c300000,0x000000227c400000) (1024K)]
  0x00000204d5395240 WorkerThread "GC Thread#7"                     [id=992, stack(0x000000227c400000,0x000000227c500000) (1024K)]
  0x00000204f2df1000 ConcurrentGCThread "G1 Main Marker"            [id=9956, stack(0x000000227a900000,0x000000227aa00000) (1024K)]
  0x00000204f2df3b20 WorkerThread "G1 Conc#0"                       [id=19868, stack(0x000000227aa00000,0x000000227ab00000) (1024K)]
  0x00000204fea514a0 ConcurrentGCThread "G1 Refine#0"               [id=3488, stack(0x000000227ab00000,0x000000227ac00000) (1024K)]
  0x00000204f2e7cde0 ConcurrentGCThread "G1 Service"                [id=19560, stack(0x000000227ac00000,0x000000227ad00000) (1024K)]
Total: 14

Threads with active compile tasks:
C2 CompilerThread1     6839 1957       4       org.jacoco.agent.rt.internal_aeaf9ab.asm.MethodWriter::visitFrame (811 bytes)
Total: 1

VM state: not at safepoint (normal execution)

VM Mutex/Monitor currently owned by a thread: None

Heap address: 0x00000000e0000000, size: 512 MB, Compressed Oops mode: 32-bit

CDS archive(s) mapped at: [0x000002048f000000-0x000002048fc90000-0x000002048fc90000), size 13172736, SharedBaseAddress: 0x000002048f000000, ArchiveRelocationMode: 1.
Compressed class space mapped at: 0x0000020490000000-0x00000204d0000000, reserved size: 1073741824
Narrow klass base: 0x000002048f000000, Narrow klass shift: 0, Narrow klass range: 0x100000000

GC Precious Log:
 CardTable entry size: 512
 Card Set container configuration: InlinePtr #cards 5 size 8 Array Of Cards #cards 12 size 40 Howl #buckets 4 coarsen threshold 1843 Howl Bitmap #cards 512 size 80 coarsen threshold 460 Card regions per heap region 1 cards per card region 2048
 CPUs: 8 total, 8 available
 Memory: 8025M
 Large Page Support: Disabled
 NUMA Support: Disabled
 Compressed Oops: Enabled (32-bit)
 Heap Region Size: 1M
 Heap Min Capacity: 8M
 Heap Initial Capacity: 126M
 Heap Max Capacity: 512M
 Pre-touch: Disabled
 Parallel Workers: 8
 Concurrent Workers: 2
 Concurrent Refinement Workers: 8
 Periodic GC: Disabled

Heap:
 garbage-first heap   total 129024K, used 8738K [0x00000000e0000000, 0x0000000100000000)
  region size 1024K, 10 young (10240K), 5 survivors (5120K)
 Metaspace       used 8005K, committed 8320K, reserved 1114112K
  class space    used 886K, committed 1024K, reserved 1048576K

Heap Regions: E=young(eden), S=young(survivor), O=old, HS=humongous(starts), HC=humongous(continues), CS=collection set, F=free, TAMS=top-at-mark-start, PB=parsable bottom
|   0|0x00000000e0000000, 0x00000000e0000000, 0x00000000e0100000|  0%| F|  |TAMS 0x00000000e0000000| PB 0x00000000e0000000| Untracked 
|   1|0x00000000e0100000, 0x00000000e0100000, 0x00000000e0200000|  0%| F|  |TAMS 0x00000000e0100000| PB 0x00000000e0100000| Untracked 
|   2|0x00000000e0200000, 0x00000000e0200000, 0x00000000e0300000|  0%| F|  |TAMS 0x00000000e0200000| PB 0x00000000e0200000| Untracked 
|   3|0x00000000e0300000, 0x00000000e0300000, 0x00000000e0400000|  0%| F|  |TAMS 0x00000000e0300000| PB 0x00000000e0300000| Untracked 
|   4|0x00000000e0400000, 0x00000000e0400000, 0x00000000e0500000|  0%| F|  |TAMS 0x00000000e0400000| PB 0x00000000e0400000| Untracked 
|   5|0x00000000e0500000, 0x00000000e0500000, 0x00000000e0600000|  0%| F|  |TAMS 0x00000000e0500000| PB 0x00000000e0500000| Untracked 
|   6|0x00000000e0600000, 0x00000000e0600000, 0x00000000e0700000|  0%| F|  |TAMS 0x00000000e0600000| PB 0x00000000e0600000| Untracked 
|   7|0x00000000e0700000, 0x00000000e0700000, 0x00000000e0800000|  0%| F|  |TAMS 0x00000000e0700000| PB 0x00000000e0700000| Untracked 
|   8|0x00000000e0800000, 0x00000000e0800000, 0x00000000e0900000|  0%| F|  |TAMS 0x00000000e0800000| PB 0x00000000e0800000| Untracked 
|   9|0x00000000e0900000, 0x00000000e0900000, 0x00000000e0a00000|  0%| F|  |TAMS 0x00000000e0900000| PB 0x00000000e0900000| Untracked 
|  10|0x00000000e0a00000, 0x00000000e0a00000, 0x00000000e0b00000|  0%| F|  |TAMS 0x00000000e0a00000| PB 0x00000000e0a00000| Untracked 
|  11|0x00000000e0b00000, 0x00000000e0b00000, 0x00000000e0c00000|  0%| F|  |TAMS 0x00000000e0b00000| PB 0x00000000e0b00000| Untracked 
|  12|0x00000000e0c00000, 0x00000000e0c00000, 0x00000000e0d00000|  0%| F|  |TAMS 0x00000000e0c00000| PB 0x00000000e0c00000| Untracked 
|  13|0x00000000e0d00000, 0x00000000e0d00000, 0x00000000e0e00000|  0%| F|  |TAMS 0x00000000e0d00000| PB 0x00000000e0d00000| Untracked 
|  14|0x00000000e0e00000, 0x00000000e0e00000, 0x00000000e0f00000|  0%| F|  |TAMS 0x00000000e0e00000| PB 0x00000000e0e00000| Untracked 
|  15|0x00000000e0f00000, 0x00000000e0f00000, 0x00000000e1000000|  0%| F|  |TAMS 0x00000000e0f00000| PB 0x00000000e0f00000| Untracked 
|  16|0x00000000e1000000, 0x00000000e1000000, 0x00000000e1100000|  0%| F|  |TAMS 0x00000000e1000000| PB 0x00000000e1000000| Untracked 
|  17|0x00000000e1100000, 0x00000000e1100000, 0x00000000e1200000|  0%| F|  |TAMS 0x00000000e1100000| PB 0x00000000e1100000| Untracked 
|  18|0x00000000e1200000, 0x00000000e1200000, 0x00000000e1300000|  0%| F|  |TAMS 0x00000000e1200000| PB 0x00000000e1200000| Untracked 
|  19|0x00000000e1300000, 0x00000000e1300000, 0x00000000e1400000|  0%| F|  |TAMS 0x00000000e1300000| PB 0x00000000e1300000| Untracked 
|  20|0x00000000e1400000, 0x00000000e1400000, 0x00000000e1500000|  0%| F|  |TAMS 0x00000000e1400000| PB 0x00000000e1400000| Untracked 
|  21|0x00000000e1500000, 0x00000000e1500000, 0x00000000e1600000|  0%| F|  |TAMS 0x00000000e1500000| PB 0x00000000e1500000| Untracked 
|  22|0x00000000e1600000, 0x00000000e1600000, 0x00000000e1700000|  0%| F|  |TAMS 0x00000000e1600000| PB 0x00000000e1600000| Untracked 
|  23|0x00000000e1700000, 0x00000000e1700000, 0x00000000e1800000|  0%| F|  |TAMS 0x00000000e1700000| PB 0x00000000e1700000| Untracked 
|  24|0x00000000e1800000, 0x00000000e1800000, 0x00000000e1900000|  0%| F|  |TAMS 0x00000000e1800000| PB 0x00000000e1800000| Untracked 
|  25|0x00000000e1900000, 0x00000000e1900000, 0x00000000e1a00000|  0%| F|  |TAMS 0x00000000e1900000| PB 0x00000000e1900000| Untracked 
|  26|0x00000000e1a00000, 0x00000000e1a00000, 0x00000000e1b00000|  0%| F|  |TAMS 0x00000000e1a00000| PB 0x00000000e1a00000| Untracked 
|  27|0x00000000e1b00000, 0x00000000e1b00000, 0x00000000e1c00000|  0%| F|  |TAMS 0x00000000e1b00000| PB 0x00000000e1b00000| Untracked 
|  28|0x00000000e1c00000, 0x00000000e1c00000, 0x00000000e1d00000|  0%| F|  |TAMS 0x00000000e1c00000| PB 0x00000000e1c00000| Untracked 
|  29|0x00000000e1d00000, 0x00000000e1d00000, 0x00000000e1e00000|  0%| F|  |TAMS 0x00000000e1d00000| PB 0x00000000e1d00000| Untracked 
|  30|0x00000000e1e00000, 0x00000000e1e00000, 0x00000000e1f00000|  0%| F|  |TAMS 0x00000000e1e00000| PB 0x00000000e1e00000| Untracked 
|  31|0x00000000e1f00000, 0x00000000e1f00000, 0x00000000e2000000|  0%| F|  |TAMS 0x00000000e1f00000| PB 0x00000000e1f00000| Untracked 
|  32|0x00000000e2000000, 0x00000000e2000000, 0x00000000e2100000|  0%| F|  |TAMS 0x00000000e2000000| PB 0x00000000e2000000| Untracked 
|  33|0x00000000e2100000, 0x00000000e2100000, 0x00000000e2200000|  0%| F|  |TAMS 0x00000000e2100000| PB 0x00000000e2100000| Untracked 
|  34|0x00000000e2200000, 0x00000000e2200000, 0x00000000e2300000|  0%| F|  |TAMS 0x00000000e2200000| PB 0x00000000e2200000| Untracked 
|  35|0x00000000e2300000, 0x00000000e2300000, 0x00000000e2400000|  0%| F|  |TAMS 0x00000000e2300000| PB 0x00000000e2300000| Untracked 
|  36|0x00000000e2400000, 0x00000000e2400000, 0x00000000e2500000|  0%| F|  |TAMS 0x00000000e2400000| PB 0x00000000e2400000| Untracked 
|  37|0x00000000e2500000, 0x00000000e2500000, 0x00000000e2600000|  0%| F|  |TAMS 0x00000000e2500000| PB 0x00000000e2500000| Untracked 
|  38|0x00000000e2600000, 0x00000000e2600000, 0x00000000e2700000|  0%| F|  |TAMS 0x00000000e2600000| PB 0x00000000e2600000| Untracked 
|  39|0x00000000e2700000, 0x00000000e2700000, 0x00000000e2800000|  0%| F|  |TAMS 0x00000000e2700000| PB 0x00000000e2700000| Untracked 
|  40|0x00000000e2800000, 0x00000000e2800000, 0x00000000e2900000|  0%| F|  |TAMS 0x00000000e2800000| PB 0x00000000e2800000| Untracked 
|  41|0x00000000e2900000, 0x00000000e2900000, 0x00000000e2a00000|  0%| F|  |TAMS 0x00000000e2900000| PB 0x00000000e2900000| Untracked 
|  42|0x00000000e2a00000, 0x00000000e2a00000, 0x00000000e2b00000|  0%| F|  |TAMS 0x00000000e2a00000| PB 0x00000000e2a00000| Untracked 
|  43|0x00000000e2b00000, 0x00000000e2b00000, 0x00000000e2c00000|  0%| F|  |TAMS 0x00000000e2b00000| PB 0x00000000e2b00000| Untracked 
|  44|0x00000000e2c00000, 0x00000000e2c00000, 0x00000000e2d00000|  0%| F|  |TAMS 0x00000000e2c00000| PB 0x00000000e2c00000| Untracked 
|  45|0x00000000e2d00000, 0x00000000e2d00000, 0x00000000e2e00000|  0%| F|  |TAMS 0x00000000e2d00000| PB 0x00000000e2d00000| Untracked 
|  46|0x00000000e2e00000, 0x00000000e2e00000, 0x00000000e2f00000|  0%| F|  |TAMS 0x00000000e2e00000| PB 0x00000000e2e00000| Untracked 
|  47|0x00000000e2f00000, 0x00000000e2f00000, 0x00000000e3000000|  0%| F|  |TAMS 0x00000000e2f00000| PB 0x00000000e2f00000| Untracked 
|  48|0x00000000e3000000, 0x00000000e3000000, 0x00000000e3100000|  0%| F|  |TAMS 0x00000000e3000000| PB 0x00000000e3000000| Untracked 
|  49|0x00000000e3100000, 0x00000000e3100000, 0x00000000e3200000|  0%| F|  |TAMS 0x00000000e3100000| PB 0x00000000e3100000| Untracked 
|  50|0x00000000e3200000, 0x00000000e3200000, 0x00000000e3300000|  0%| F|  |TAMS 0x00000000e3200000| PB 0x00000000e3200000| Untracked 
|  51|0x00000000e3300000, 0x00000000e3300000, 0x00000000e3400000|  0%| F|  |TAMS 0x00000000e3300000| PB 0x00000000e3300000| Untracked 
|  52|0x00000000e3400000, 0x00000000e3400000, 0x00000000e3500000|  0%| F|  |TAMS 0x00000000e3400000| PB 0x00000000e3400000| Untracked 
|  53|0x00000000e3500000, 0x00000000e3500000, 0x00000000e3600000|  0%| F|  |TAMS 0x00000000e3500000| PB 0x00000000e3500000| Untracked 
|  54|0x00000000e3600000, 0x00000000e3600000, 0x00000000e3700000|  0%| F|  |TAMS 0x00000000e3600000| PB 0x00000000e3600000| Untracked 
|  55|0x00000000e3700000, 0x00000000e3700000, 0x00000000e3800000|  0%| F|  |TAMS 0x00000000e3700000| PB 0x00000000e3700000| Untracked 
|  56|0x00000000e3800000, 0x00000000e3800000, 0x00000000e3900000|  0%| F|  |TAMS 0x00000000e3800000| PB 0x00000000e3800000| Untracked 
|  57|0x00000000e3900000, 0x00000000e3900000, 0x00000000e3a00000|  0%| F|  |TAMS 0x00000000e3900000| PB 0x00000000e3900000| Untracked 
|  58|0x00000000e3a00000, 0x00000000e3a00000, 0x00000000e3b00000|  0%| F|  |TAMS 0x00000000e3a00000| PB 0x00000000e3a00000| Untracked 
|  59|0x00000000e3b00000, 0x00000000e3b00000, 0x00000000e3c00000|  0%| F|  |TAMS 0x00000000e3b00000| PB 0x00000000e3b00000| Untracked 
|  60|0x00000000e3c00000, 0x00000000e3c00000, 0x00000000e3d00000|  0%| F|  |TAMS 0x00000000e3c00000| PB 0x00000000e3c00000| Untracked 
|  61|0x00000000e3d00000, 0x00000000e3d00000, 0x00000000e3e00000|  0%| F|  |TAMS 0x00000000e3d00000| PB 0x00000000e3d00000| Untracked 
|  62|0x00000000e3e00000, 0x00000000e3e00000, 0x00000000e3f00000|  0%| F|  |TAMS 0x00000000e3e00000| PB 0x00000000e3e00000| Untracked 
|  63|0x00000000e3f00000, 0x00000000e3f00000, 0x00000000e4000000|  0%| F|  |TAMS 0x00000000e3f00000| PB 0x00000000e3f00000| Untracked 
|  64|0x00000000e4000000, 0x00000000e4000000, 0x00000000e4100000|  0%| F|  |TAMS 0x00000000e4000000| PB 0x00000000e4000000| Untracked 
|  65|0x00000000e4100000, 0x00000000e4100000, 0x00000000e4200000|  0%| F|  |TAMS 0x00000000e4100000| PB 0x00000000e4100000| Untracked 
|  66|0x00000000e4200000, 0x00000000e4200000, 0x00000000e4300000|  0%| F|  |TAMS 0x00000000e4200000| PB 0x00000000e4200000| Untracked 
|  67|0x00000000e4300000, 0x00000000e4300000, 0x00000000e4400000|  0%| F|  |TAMS 0x00000000e4300000| PB 0x00000000e4300000| Untracked 
|  68|0x00000000e4400000, 0x00000000e4400000, 0x00000000e4500000|  0%| F|  |TAMS 0x00000000e4400000| PB 0x00000000e4400000| Untracked 
|  69|0x00000000e4500000, 0x00000000e4500000, 0x00000000e4600000|  0%| F|  |TAMS 0x00000000e4500000| PB 0x00000000e4500000| Untracked 
|  70|0x00000000e4600000, 0x00000000e4600000, 0x00000000e4700000|  0%| F|  |TAMS 0x00000000e4600000| PB 0x00000000e4600000| Untracked 
|  71|0x00000000e4700000, 0x00000000e4700000, 0x00000000e4800000|  0%| F|  |TAMS 0x00000000e4700000| PB 0x00000000e4700000| Untracked 
|  72|0x00000000e4800000, 0x00000000e4800000, 0x00000000e4900000|  0%| F|  |TAMS 0x00000000e4800000| PB 0x00000000e4800000| Untracked 
|  73|0x00000000e4900000, 0x00000000e4900000, 0x00000000e4a00000|  0%| F|  |TAMS 0x00000000e4900000| PB 0x00000000e4900000| Untracked 
|  74|0x00000000e4a00000, 0x00000000e4a00000, 0x00000000e4b00000|  0%| F|  |TAMS 0x00000000e4a00000| PB 0x00000000e4a00000| Untracked 
|  75|0x00000000e4b00000, 0x00000000e4b00000, 0x00000000e4c00000|  0%| F|  |TAMS 0x00000000e4b00000| PB 0x00000000e4b00000| Untracked 
|  76|0x00000000e4c00000, 0x00000000e4c00000, 0x00000000e4d00000|  0%| F|  |TAMS 0x00000000e4c00000| PB 0x00000000e4c00000| Untracked 
|  77|0x00000000e4d00000, 0x00000000e4d00000, 0x00000000e4e00000|  0%| F|  |TAMS 0x00000000e4d00000| PB 0x00000000e4d00000| Untracked 
|  78|0x00000000e4e00000, 0x00000000e4e00000, 0x00000000e4f00000|  0%| F|  |TAMS 0x00000000e4e00000| PB 0x00000000e4e00000| Untracked 
|  79|0x00000000e4f00000, 0x00000000e4f00000, 0x00000000e5000000|  0%| F|  |TAMS 0x00000000e4f00000| PB 0x00000000e4f00000| Untracked 
|  80|0x00000000e5000000, 0x00000000e5000000, 0x00000000e5100000|  0%| F|  |TAMS 0x00000000e5000000| PB 0x00000000e5000000| Untracked 
|  81|0x00000000e5100000, 0x00000000e5100000, 0x00000000e5200000|  0%| F|  |TAMS 0x00000000e5100000| PB 0x00000000e5100000| Untracked 
|  82|0x00000000e5200000, 0x00000000e5200000, 0x00000000e5300000|  0%| F|  |TAMS 0x00000000e5200000| PB 0x00000000e5200000| Untracked 
|  83|0x00000000e5300000, 0x00000000e5300000, 0x00000000e5400000|  0%| F|  |TAMS 0x00000000e5300000| PB 0x00000000e5300000| Untracked 
|  84|0x00000000e5400000, 0x00000000e5400000, 0x00000000e5500000|  0%| F|  |TAMS 0x00000000e5400000| PB 0x00000000e5400000| Untracked 
|  85|0x00000000e5500000, 0x00000000e5500000, 0x00000000e5600000|  0%| F|  |TAMS 0x00000000e5500000| PB 0x00000000e5500000| Untracked 
|  86|0x00000000e5600000, 0x00000000e5688bd0, 0x00000000e5700000| 53%| S|CS|TAMS 0x00000000e5600000| PB 0x00000000e5600000| Complete 
|  87|0x00000000e5700000, 0x00000000e5800000, 0x00000000e5800000|100%| S|CS|TAMS 0x00000000e5700000| PB 0x00000000e5700000| Complete 
|  88|0x00000000e5800000, 0x00000000e5900000, 0x00000000e5900000|100%| S|CS|TAMS 0x00000000e5800000| PB 0x00000000e5800000| Complete 
|  89|0x00000000e5900000, 0x00000000e5a00000, 0x00000000e5a00000|100%| S|CS|TAMS 0x00000000e5900000| PB 0x00000000e5900000| Complete 
|  90|0x00000000e5a00000, 0x00000000e5b00000, 0x00000000e5b00000|100%| S|CS|TAMS 0x00000000e5a00000| PB 0x00000000e5a00000| Complete 
|  91|0x00000000e5b00000, 0x00000000e5b00000, 0x00000000e5c00000|  0%| F|  |TAMS 0x00000000e5b00000| PB 0x00000000e5b00000| Untracked 
|  92|0x00000000e5c00000, 0x00000000e5c00000, 0x00000000e5d00000|  0%| F|  |TAMS 0x00000000e5c00000| PB 0x00000000e5c00000| Untracked 
|  93|0x00000000e5d00000, 0x00000000e5d00000, 0x00000000e5e00000|  0%| F|  |TAMS 0x00000000e5d00000| PB 0x00000000e5d00000| Untracked 
|  94|0x00000000e5e00000, 0x00000000e5e00000, 0x00000000e5f00000|  0%| F|  |TAMS 0x00000000e5e00000| PB 0x00000000e5e00000| Untracked 
|  95|0x00000000e5f00000, 0x00000000e5f00000, 0x00000000e6000000|  0%| F|  |TAMS 0x00000000e5f00000| PB 0x00000000e5f00000| Untracked 
|  96|0x00000000e6000000, 0x00000000e6000000, 0x00000000e6100000|  0%| F|  |TAMS 0x00000000e6000000| PB 0x00000000e6000000| Untracked 
|  97|0x00000000e6100000, 0x00000000e6100000, 0x00000000e6200000|  0%| F|  |TAMS 0x00000000e6100000| PB 0x00000000e6100000| Untracked 
|  98|0x00000000e6200000, 0x00000000e6200000, 0x00000000e6300000|  0%| F|  |TAMS 0x00000000e6200000| PB 0x00000000e6200000| Untracked 
|  99|0x00000000e6300000, 0x00000000e6300000, 0x00000000e6400000|  0%| F|  |TAMS 0x00000000e6300000| PB 0x00000000e6300000| Untracked 
| 100|0x00000000e6400000, 0x00000000e6400000, 0x00000000e6500000|  0%| F|  |TAMS 0x00000000e6400000| PB 0x00000000e6400000| Untracked 
| 101|0x00000000e6500000, 0x00000000e6500000, 0x00000000e6600000|  0%| F|  |TAMS 0x00000000e6500000| PB 0x00000000e6500000| Untracked 
| 102|0x00000000e6600000, 0x00000000e6600000, 0x00000000e6700000|  0%| F|  |TAMS 0x00000000e6600000| PB 0x00000000e6600000| Untracked 
| 103|0x00000000e6700000, 0x00000000e6700000, 0x00000000e6800000|  0%| F|  |TAMS 0x00000000e6700000| PB 0x00000000e6700000| Untracked 
| 104|0x00000000e6800000, 0x00000000e6800000, 0x00000000e6900000|  0%| F|  |TAMS 0x00000000e6800000| PB 0x00000000e6800000| Untracked 
| 105|0x00000000e6900000, 0x00000000e6900000, 0x00000000e6a00000|  0%| F|  |TAMS 0x00000000e6900000| PB 0x00000000e6900000| Untracked 
| 106|0x00000000e6a00000, 0x00000000e6a00000, 0x00000000e6b00000|  0%| F|  |TAMS 0x00000000e6a00000| PB 0x00000000e6a00000| Untracked 
| 107|0x00000000e6b00000, 0x00000000e6b00000, 0x00000000e6c00000|  0%| F|  |TAMS 0x00000000e6b00000| PB 0x00000000e6b00000| Untracked 
| 108|0x00000000e6c00000, 0x00000000e6c00000, 0x00000000e6d00000|  0%| F|  |TAMS 0x00000000e6c00000| PB 0x00000000e6c00000| Untracked 
| 109|0x00000000e6d00000, 0x00000000e6d00000, 0x00000000e6e00000|  0%| F|  |TAMS 0x00000000e6d00000| PB 0x00000000e6d00000| Untracked 
| 110|0x00000000e6e00000, 0x00000000e6e00000, 0x00000000e6f00000|  0%| F|  |TAMS 0x00000000e6e00000| PB 0x00000000e6e00000| Untracked 
| 111|0x00000000e6f00000, 0x00000000e6f00000, 0x00000000e7000000|  0%| F|  |TAMS 0x00000000e6f00000| PB 0x00000000e6f00000| Untracked 
| 112|0x00000000e7000000, 0x00000000e7000000, 0x00000000e7100000|  0%| F|  |TAMS 0x00000000e7000000| PB 0x00000000e7000000| Untracked 
| 113|0x00000000e7100000, 0x00000000e7100000, 0x00000000e7200000|  0%| F|  |TAMS 0x00000000e7100000| PB 0x00000000e7100000| Untracked 
| 114|0x00000000e7200000, 0x00000000e7200000, 0x00000000e7300000|  0%| F|  |TAMS 0x00000000e7200000| PB 0x00000000e7200000| Untracked 
| 115|0x00000000e7300000, 0x00000000e7300000, 0x00000000e7400000|  0%| F|  |TAMS 0x00000000e7300000| PB 0x00000000e7300000| Untracked 
| 116|0x00000000e7400000, 0x00000000e7400000, 0x00000000e7500000|  0%| F|  |TAMS 0x00000000e7400000| PB 0x00000000e7400000| Untracked 
| 117|0x00000000e7500000, 0x00000000e7500000, 0x00000000e7600000|  0%| F|  |TAMS 0x00000000e7500000| PB 0x00000000e7500000| Untracked 
| 118|0x00000000e7600000, 0x00000000e7600000, 0x00000000e7700000|  0%| F|  |TAMS 0x00000000e7600000| PB 0x00000000e7600000| Untracked 
| 119|0x00000000e7700000, 0x00000000e7700000, 0x00000000e7800000|  0%| F|  |TAMS 0x00000000e7700000| PB 0x00000000e7700000| Untracked 
| 120|0x00000000e7800000, 0x00000000e7800000, 0x00000000e7900000|  0%| F|  |TAMS 0x00000000e7800000| PB 0x00000000e7800000| Untracked 
| 121|0x00000000e7900000, 0x00000000e7a00000, 0x00000000e7a00000|100%| E|  |TAMS 0x00000000e7900000| PB 0x00000000e7900000| Complete 
| 122|0x00000000e7a00000, 0x00000000e7b00000, 0x00000000e7b00000|100%| E|CS|TAMS 0x00000000e7a00000| PB 0x00000000e7a00000| Complete 
| 123|0x00000000e7b00000, 0x00000000e7c00000, 0x00000000e7c00000|100%| E|CS|TAMS 0x00000000e7b00000| PB 0x00000000e7b00000| Complete 
| 124|0x00000000e7c00000, 0x00000000e7d00000, 0x00000000e7d00000|100%| E|CS|TAMS 0x00000000e7c00000| PB 0x00000000e7c00000| Complete 
| 125|0x00000000e7d00000, 0x00000000e7e00000, 0x00000000e7e00000|100%| E|CS|TAMS 0x00000000e7d00000| PB 0x00000000e7d00000| Complete 

Card table byte_map: [0x00000204fb8c0000,0x00000204fb9c0000] _byte_map_base: 0x00000204fb1c0000

Marking Bits: (CMBitMap*) 0x00000204f2dec720
 Bits: [0x00000204fb9c0000, 0x00000204fc1c0000)

Polling page: 0x00000204f0d70000

Metaspace:

Usage:
  Non-class:      6.95 MB used.
      Class:    886.07 KB used.
       Both:      7.82 MB used.

Virtual space:
  Non-class space:       64.00 MB reserved,       7.12 MB ( 11%) committed,  1 nodes.
      Class space:        1.00 GB reserved,       1.00 MB ( <1%) committed,  1 nodes.
             Both:        1.06 GB reserved,       8.12 MB ( <1%) committed. 

Chunk freelists:
   Non-Class:  8.61 MB
       Class:  14.94 MB
        Both:  23.55 MB

MaxMetaspaceSize: unlimited
CompressedClassSpaceSize: 1.00 GB
Initial GC threshold: 21.00 MB
Current GC threshold: 21.00 MB
CDS: on
 - commit_granule_bytes: 65536.
 - commit_granule_words: 8192.
 - virtual_space_node_default_size: 8388608.
 - enlarge_chunks_in_place: 1.
 - use_allocation_guard: 0.


Internal statistics:

num_allocs_failed_limit: 0.
num_arena_births: 176.
num_arena_deaths: 0.
num_vsnodes_births: 2.
num_vsnodes_deaths: 0.
num_space_committed: 130.
num_space_uncommitted: 0.
num_chunks_returned_to_freelist: 0.
num_chunks_taken_from_freelist: 397.
num_chunk_merges: 0.
num_chunk_splits: 248.
num_chunks_enlarged: 150.
num_inconsistent_stats: 0.

CodeHeap 'non-profiled nmethods': size=120000Kb used=925Kb max_used=925Kb free=119074Kb
 bounds [0x0000020487ad0000, 0x0000020487d40000, 0x000002048f000000]
CodeHeap 'profiled nmethods': size=120000Kb used=4312Kb max_used=4312Kb free=115688Kb
 bounds [0x0000020480000000, 0x0000020480440000, 0x0000020487530000]
CodeHeap 'non-nmethods': size=5760Kb used=1376Kb max_used=1455Kb free=4384Kb
 bounds [0x0000020487530000, 0x00000204877a0000, 0x0000020487ad0000]
 total_blobs=2432 nmethods=1957 adapters=379
 compilation: enabled
              stopped_count=0, restarted_count=0
 full_count=0

Compilation events (20 events):
Event: 6.656 Thread 0x00000204febc3e70 1948       3       org.jacoco.agent.rt.internal_aeaf9ab.asm.ClassReader::readCode (5117 bytes)
Event: 6.661 Thread 0x00000204febc33d0 nmethod 1947 0x0000020487bb6310 code [0x0000020487bb64a0, 0x0000020487bb6708]
Event: 6.683 Thread 0x00000204ffa17ad0 1956       4       jdk.internal.org.objectweb.asm.ByteVector::putShort (52 bytes)
Event: 6.684 Thread 0x00000204ffa17ad0 nmethod 1956 0x0000020487bb6c90 code [0x0000020487bb6e20, 0x0000020487bb6f80]
Event: 6.688 Thread 0x00000204febc3e70 nmethod 1948 0x0000020480417e10 code [0x00000204804193c0, 0x000002048042abc0]
Event: 6.689 Thread 0x00000204febc3e70 1955       3       jdk.internal.org.objectweb.asm.MethodVisitor::<init> (78 bytes)
Event: 6.689 Thread 0x00000204febc3e70 nmethod 1955 0x0000020480432d10 code [0x0000020480432f40, 0x00000204804336f8]
Event: 6.689 Thread 0x00000204febc3e70 1951       3       org.jacoco.agent.rt.internal_aeaf9ab.core.internal.instr.ClassFieldProbeArrayStrategy::addMembers (12 bytes)
Event: 6.690 Thread 0x00000204febc3e70 nmethod 1951 0x0000020480433990 code [0x0000020480433b40, 0x0000020480433ce0]
Event: 6.690 Thread 0x00000204febc3e70 1952       3       org.jacoco.agent.rt.internal_aeaf9ab.core.internal.instr.ClassFieldProbeArrayStrategy::createDataField (15 bytes)
Event: 6.690 Thread 0x00000204febc3e70 nmethod 1952 0x0000020480433d90 code [0x0000020480433f40, 0x0000020480434150]
Event: 6.690 Thread 0x00000204febc3e70 1953       3       org.jacoco.agent.rt.internal_aeaf9ab.core.internal.instr.ClassFieldProbeArrayStrategy::createInitMethod (120 bytes)
Event: 6.690 Thread 0x00000204febc3e70 nmethod 1953 0x0000020480434210 code [0x00000204804344a0, 0x0000020480435160]
Event: 6.690 Thread 0x00000204febc3e70 1954       3       org.jacoco.agent.rt.internal_aeaf9ab.core.internal.instr.ClassFieldProbeArrayStrategy::genInitializeDataField (47 bytes)
Event: 6.691 Thread 0x00000204febc3e70 nmethod 1954 0x0000020480435490 code [0x0000020480435680, 0x0000020480435ad8]
Event: 6.691 Thread 0x00000204febc3e70 1950       3       java.lang.Enum::equals (11 bytes)
Event: 6.691 Thread 0x00000204febc3e70 nmethod 1950 0x0000020480435c90 code [0x0000020480435e20, 0x0000020480435f88]
Event: 6.697 Thread 0x00000204ffa17ad0 1957       4       org.jacoco.agent.rt.internal_aeaf9ab.asm.MethodWriter::visitFrame (811 bytes)
Event: 6.704 Thread 0x00000204febc33d0 1958       4       jdk.internal.org.objectweb.asm.Symbol::<init> (38 bytes)
Event: 6.708 Thread 0x00000204febc33d0 nmethod 1958 0x0000020487bb7090 code [0x0000020487bb7220, 0x0000020487bb75a0]

GC Heap History (4 events):
Event: 3.422 GC heap before
{Heap before GC invocations=0 (full 0):
 garbage-first heap   total 129024K, used 23552K [0x00000000e0000000, 0x0000000100000000)
  region size 1024K, 23 young (23552K), 0 survivors (0K)
 Metaspace       used 4646K, committed 4864K, reserved 1114112K
  class space    used 471K, committed 576K, reserved 1048576K
}
Event: 3.617 GC heap after
{Heap after GC invocations=1 (full 0):
 garbage-first heap   total 129024K, used 2389K [0x00000000e0000000, 0x0000000100000000)
  region size 1024K, 3 young (3072K), 3 survivors (3072K)
 Metaspace       used 4646K, committed 4864K, reserved 1114112K
  class space    used 471K, committed 576K, reserved 1048576K
}
Event: 5.639 GC heap before
{Heap before GC invocations=1 (full 0):
 garbage-first heap   total 129024K, used 34133K [0x00000000e0000000, 0x0000000100000000)
  region size 1024K, 35 young (35840K), 3 survivors (3072K)
 Metaspace       used 7722K, committed 8000K, reserved 1114112K
  class space    used 848K, committed 1024K, reserved 1048576K
}
Event: 6.469 GC heap after
{Heap after GC invocations=2 (full 0):
 garbage-first heap   total 129024K, used 4642K [0x00000000e0000000, 0x0000000100000000)
  region size 1024K, 5 young (5120K), 5 survivors (5120K)
 Metaspace       used 7722K, committed 8000K, reserved 1114112K
  class space    used 848K, committed 1024K, reserved 1048576K
}

Dll operation events (11 events):
Event: 0.031 Loaded shared library C:\Program Files\Eclipse Adoptium\jdk-21.0.4.7-hotspot\bin\java.dll
Event: 0.353 Loaded shared library C:\Program Files\Eclipse Adoptium\jdk-21.0.4.7-hotspot\bin\jsvml.dll
Event: 0.379 Loaded shared library C:\Program Files\Eclipse Adoptium\jdk-21.0.4.7-hotspot\bin\zip.dll
Event: 0.386 Loaded shared library C:\Program Files\Eclipse Adoptium\jdk-21.0.4.7-hotspot\bin\instrument.dll
Event: 0.392 Loaded shared library C:\Program Files\Eclipse Adoptium\jdk-21.0.4.7-hotspot\bin\net.dll
Event: 0.394 Loaded shared library C:\Program Files\Eclipse Adoptium\jdk-21.0.4.7-hotspot\bin\nio.dll
Event: 0.405 Loaded shared library C:\Program Files\Eclipse Adoptium\jdk-21.0.4.7-hotspot\bin\zip.dll
Event: 0.505 Loaded shared library C:\Program Files\Eclipse Adoptium\jdk-21.0.4.7-hotspot\bin\verify.dll
Event: 0.596 Loaded shared library C:\Program Files\Eclipse Adoptium\jdk-21.0.4.7-hotspot\bin\jimage.dll
Event: 4.076 Loaded shared library C:\Program Files\Eclipse Adoptium\jdk-21.0.4.7-hotspot\bin\extnet.dll
Event: 4.716 Loaded shared library C:\Program Files\Eclipse Adoptium\jdk-21.0.4.7-hotspot\bin\sunmscapi.dll

Deoptimization events (20 events):
Event: 5.123 Thread 0x00000204f0c36980 Uncommon trap: trap_request=0xffffffde fr.pc=0x0000020487b5f018 relative=0x0000000000000eb8
Event: 5.123 Thread 0x00000204f0c36980 Uncommon trap: reason=class_check action=maybe_recompile pc=0x0000020487b5f018 method=org.jacoco.agent.rt.internal_aeaf9ab.core.internal.flow.MethodProbesAdapter.visitLabel(Lorg/jacoco/agent/rt/internal_aeaf9ab/asm/Label;)V @ 53 c2
Event: 5.123 Thread 0x00000204f0c36980 DEOPT PACKING pc=0x0000020487b5f018 sp=0x000000227a7f7bb0
Event: 5.123 Thread 0x00000204f0c36980 DEOPT UNPACKING pc=0x00000204875846a2 sp=0x000000227a7f7b78 mode 2
Event: 5.123 Thread 0x00000204f0c36980 Uncommon trap: trap_request=0xffffffde fr.pc=0x0000020487b5f018 relative=0x0000000000000eb8
Event: 5.123 Thread 0x00000204f0c36980 Uncommon trap: reason=class_check action=maybe_recompile pc=0x0000020487b5f018 method=org.jacoco.agent.rt.internal_aeaf9ab.core.internal.flow.MethodProbesAdapter.visitLabel(Lorg/jacoco/agent/rt/internal_aeaf9ab/asm/Label;)V @ 53 c2
Event: 5.123 Thread 0x00000204f0c36980 DEOPT PACKING pc=0x0000020487b5f018 sp=0x000000227a7f7bb0
Event: 5.123 Thread 0x00000204f0c36980 DEOPT UNPACKING pc=0x00000204875846a2 sp=0x000000227a7f7b78 mode 2
Event: 6.489 Thread 0x00000204f0c36980 DEOPT PACKING pc=0x0000020480096fe3 sp=0x000000227a7fd090
Event: 6.489 Thread 0x00000204f0c36980 DEOPT UNPACKING pc=0x0000020487584e42 sp=0x000000227a7fc598 mode 0
Event: 6.498 Thread 0x00000204f0c36980 DEOPT PACKING pc=0x0000020480057cc9 sp=0x000000227a7fcd30
Event: 6.498 Thread 0x00000204f0c36980 DEOPT UNPACKING pc=0x0000020487584e42 sp=0x000000227a7fc1a8 mode 0
Event: 6.505 Thread 0x00000204f0c36980 Uncommon trap: trap_request=0xffffff45 fr.pc=0x0000020487ba03b4 relative=0x00000000000086b4
Event: 6.505 Thread 0x00000204f0c36980 Uncommon trap: reason=unstable_if action=reinterpret pc=0x0000020487ba03b4 method=org.jacoco.agent.rt.internal_aeaf9ab.asm.ClassReader.readCode(Lorg/jacoco/agent/rt/internal_aeaf9ab/asm/MethodVisitor;Lorg/jacoco/agent/rt/internal_aeaf9ab/asm/Context;I)V @
Event: 6.507 Thread 0x00000204f0c36980 DEOPT PACKING pc=0x0000020487ba03b4 sp=0x000000227a7fb790
Event: 6.507 Thread 0x00000204f0c36980 DEOPT UNPACKING pc=0x00000204875846a2 sp=0x000000227a7fb6e8 mode 2
Event: 6.579 Thread 0x00000204f0c36980 Uncommon trap: trap_request=0xffffff45 fr.pc=0x0000020487b5bf48 relative=0x0000000000000128
Event: 6.579 Thread 0x00000204f0c36980 Uncommon trap: reason=unstable_if action=reinterpret pc=0x0000020487b5bf48 method=org.jacoco.agent.rt.internal_aeaf9ab.asm.commons.AnalyzerAdapter.visitVarInsn(II)V @ 27 c2
Event: 6.579 Thread 0x00000204f0c36980 DEOPT PACKING pc=0x0000020487b5bf48 sp=0x000000227a7fb610
Event: 6.579 Thread 0x00000204f0c36980 DEOPT UNPACKING pc=0x00000204875846a2 sp=0x000000227a7fb588 mode 2

Classes loaded (20 events):
Event: 5.220 Loading class java/io/BufferedReader
Event: 5.220 Loading class java/io/Reader
Event: 5.221 Loading class java/io/Reader done
Event: 5.221 Loading class java/io/BufferedReader done
Event: 5.221 Loading class java/io/InputStreamReader
Event: 5.221 Loading class java/io/InputStreamReader done
Event: 5.221 Loading class sun/nio/cs/StreamDecoder
Event: 5.221 Loading class sun/nio/cs/StreamDecoder done
Event: 5.221 Loading class sun/nio/cs/UTF_8$Decoder
Event: 5.221 Loading class sun/nio/cs/UTF_8$Decoder done
Event: 6.470 Loading class java/security/AccessControlException
Event: 6.470 Loading class java/security/AccessControlException done
Event: 6.475 Loading class java/io/StreamCorruptedException
Event: 6.475 Loading class java/io/StreamCorruptedException done
Event: 6.565 Loading class sun/invoke/util/VerifyAccess$1
Event: 6.565 Loading class sun/invoke/util/VerifyAccess$1 done
Event: 6.568 Loading class jdk/internal/loader/URLClassPath$FileLoader$1
Event: 6.568 Loading class jdk/internal/loader/URLClassPath$FileLoader$1 done
Event: 6.589 Loading class java/net/URISyntaxException
Event: 6.590 Loading class java/net/URISyntaxException done

Classes unloaded (0 events):
No events

Classes redefined (0 events):
No events

Internal exceptions (20 events):
Event: 0.714 Thread 0x00000204f0c36980 Exception <a 'java/lang/NoSuchMethodError'{0x00000000e7bc9b50}: 'void java.lang.invoke.DelegatingMethodHandle$Holder.delegate(java.lang.Object, java.lang.Object, int, java.lang.Object)'> (0x00000000e7bc9b50) 
thrown [s\src\hotspot\share\interpreter\linkResolver.cpp, line 773]
Event: 0.715 Thread 0x00000204f0c36980 Exception <a 'java/lang/NoSuchMethodError'{0x00000000e7bcd630}: 'int java.lang.invoke.DirectMethodHandle$Holder.invokeSpecial(java.lang.Object, java.lang.Object, java.lang.Object)'> (0x00000000e7bcd630) 
thrown [s\src\hotspot\share\interpreter\linkResolver.cpp, line 773]
Event: 0.724 Thread 0x00000204f0c36980 Exception <a 'java/lang/NoSuchMethodError'{0x00000000e7be41d0}: 'void java.lang.invoke.DirectMethodHandle$Holder.invokeStatic(java.lang.Object, java.lang.Object, java.lang.Object, java.lang.Object)'> (0x00000000e7be41d0) 
thrown [s\src\hotspot\share\interpreter\linkResolver.cpp, line 773]
Event: 0.941 Thread 0x00000204f0c36980 Exception <a 'java/lang/NoSuchMethodError'{0x00000000e7aff6c0}: 'void java.lang.invoke.DirectMethodHandle$Holder.invokeSpecial(java.lang.Object, java.lang.Object, java.lang.Object)'> (0x00000000e7aff6c0) 
thrown [s\src\hotspot\share\interpreter\linkResolver.cpp, line 773]
Event: 0.942 Thread 0x00000204f0c36980 Exception <a 'java/lang/NoSuchMethodError'{0x00000000e7902d30}: 'void java.lang.invoke.Invokers$Holder.invokeExact_MT(java.lang.Object, java.lang.Object, java.lang.Object)'> (0x00000000e7902d30) 
thrown [s\src\hotspot\share\interpreter\linkResolver.cpp, line 773]
Event: 1.473 Thread 0x00000204f0c36980 Exception <a 'java/lang/NoSuchMethodError'{0x00000000e77d2978}: 'void java.lang.invoke.DirectMethodHandle$Holder.invokeInterface(java.lang.Object, java.lang.Object, java.lang.Object)'> (0x00000000e77d2978) 
thrown [s\src\hotspot\share\interpreter\linkResolver.cpp, line 773]
Event: 2.881 Thread 0x00000204f0c36980 Exception <a 'java/lang/NoSuchMethodError'{0x00000000e6e815e8}: static Ljava/lang/Object;.<clinit>()V> (0x00000000e6e815e8) 
thrown [s\src\hotspot\share\prims\jni.cpp, line 1111]
Event: 3.032 Thread 0x00000204f0c36980 Exception <a 'java/lang/NoSuchMethodError'{0x00000000e6d2ff50}: static Lorg/gradle/api/internal/tasks/testing/junitplatform/JUnitPlatformTestClassProcessorFactory;.<clinit>()V> (0x00000000e6d2ff50) 
thrown [s\src\hotspot\share\prims\jni.cpp, line 1111]
Event: 3.037 Thread 0x00000204f0c36980 Exception <a 'java/lang/NoSuchMethodError'{0x00000000e6d45538}: static Lorg/gradle/api/internal/tasks/testing/junitplatform/JUnitPlatformSpec;.<clinit>()V> (0x00000000e6d45538) 
thrown [s\src\hotspot\share\prims\jni.cpp, line 1111]
Event: 3.040 Thread 0x00000204f0c36980 Exception <a 'java/lang/NoSuchMethodError'{0x00000000e6d4aec0}: 'long java.lang.invoke.DirectMethodHandle$Holder.invokeSpecial(java.lang.Object, java.lang.Object)'> (0x00000000e6d4aec0) 
thrown [s\src\hotspot\share\interpreter\linkResolver.cpp, line 773]
Event: 3.041 Thread 0x00000204f0c36980 Exception <a 'java/lang/NoSuchMethodError'{0x00000000e6d4e400}: 'long java.lang.invoke.Invokers$Holder.invokeExact_MT(java.lang.Object, java.lang.Object)'> (0x00000000e6d4e400) 
thrown [s\src\hotspot\share\interpreter\linkResolver.cpp, line 773]
Event: 3.050 Thread 0x00000204f0c36980 Exception <a 'java/lang/NoSuchMethodError'{0x00000000e6d780f8}: static Lorg/gradle/api/internal/tasks/testing/filter/TestFilterSpec;.<clinit>()V> (0x00000000e6d780f8) 
thrown [s\src\hotspot\share\prims\jni.cpp, line 1111]
Event: 3.362 Thread 0x00000204f0c36980 Exception <a 'java/lang/NoSuchMethodError'{0x00000000e68e2350}: 'java.lang.Object java.lang.invoke.DirectMethodHandle$Holder.invokeVirtual(java.lang.Object, java.lang.Object, java.lang.Object)'> (0x00000000e68e2350) 
thrown [s\src\hotspot\share\interpreter\linkResolver.cpp, line 773]
Event: 3.908 Thread 0x00000204f0c36980 Exception <a 'java/lang/NoSuchMethodError'{0x00000000e7748a48}: 'java.lang.Object java.lang.invoke.DirectMethodHandle$Holder.invokeStaticInit(java.lang.Object, java.lang.Object, java.lang.Object, java.lang.Object)'> (0x00000000e7748a48) 
thrown [s\src\hotspot\share\interpreter\linkResolver.cpp, line 773]
Event: 3.908 Thread 0x00000204f0c36980 Exception <a 'java/lang/NoSuchMethodError'{0x00000000e774ec98}: 'java.lang.Object java.lang.invoke.Invokers$Holder.invoke_MT(java.lang.Object, java.lang.Object, java.lang.Object, java.lang.Object, java.lang.Object)'> (0x00000000e774ec98) 
thrown [s\src\hotspot\share\interpreter\linkResolver.cpp, line 773]
Event: 4.047 Thread 0x00000204f0c36980 Exception <a 'java/lang/NoSuchMethodError'{0x00000000e741d2e8}: 'java.lang.Object java.lang.invoke.DirectMethodHandle$Holder.invokeVirtual(java.lang.Object, java.lang.Object, java.lang.Object, java.lang.Object)'> (0x00000000e741d2e8) 
thrown [s\src\hotspot\share\interpreter\linkResolver.cpp, line 773]
Event: 4.278 Thread 0x00000204f0c36980 Exception <a 'java/lang/NoSuchMethodError'{0x00000000e6fcb298}: 'java.lang.Object java.lang.invoke.DirectMethodHandle$Holder.newInvokeSpecial(java.lang.Object, java.lang.Object, java.lang.Object, java.lang.Object, java.lang.Object)'> (0x00000000e6fcb298) 
thrown [s\src\hotspot\share\interpreter\linkResolver.cpp, line 773]
Event: 4.419 Thread 0x00000204f0c36980 Exception <a 'java/lang/NoSuchMethodError'{0x00000000e6b86418}: 'java.lang.Object java.lang.invoke.DirectMethodHandle$Holder.invokeStaticInit(java.lang.Object, int, int, int, int)'> (0x00000000e6b86418) 
thrown [s\src\hotspot\share\interpreter\linkResolver.cpp, line 773]
Event: 4.755 Thread 0x00000204f0c36980 Exception <a 'java/lang/NoSuchMethodError'{0x00000000e6328ef0}: 'java.lang.Object java.lang.invoke.DirectMethodHandle$Holder.invokeStaticInit(java.lang.Object, java.lang.Object, int, int, int, int)'> (0x00000000e6328ef0) 
thrown [s\src\hotspot\share\interpreter\linkResolver.cpp, line 773]
Event: 5.090 Thread 0x00000204d4618740 Exception <a 'java/lang/NoSuchMethodError'{0x00000000e69dbf20}: 'void java.lang.invoke.DirectMethodHandle$Holder.invokeInterface(java.lang.Object, java.lang.Object)'> (0x00000000e69dbf20) 
thrown [s\src\hotspot\share\interpreter\linkResolver.cpp, line 773]

ZGC Phase Switch (0 events):
No events

VM Operations (20 events):
Event: 3.787 Executing VM operation: HandshakeAllThreads (Deoptimize)
Event: 3.787 Executing VM operation: HandshakeAllThreads (Deoptimize) done
Event: 3.846 Executing VM operation: HandshakeAllThreads (Deoptimize)
Event: 3.868 Executing VM operation: HandshakeAllThreads (Deoptimize) done
Event: 4.040 Executing VM operation: HandshakeAllThreads (Deoptimize)
Event: 4.040 Executing VM operation: HandshakeAllThreads (Deoptimize) done
Event: 4.364 Executing VM operation: HandshakeAllThreads (Deoptimize)
Event: 4.364 Executing VM operation: HandshakeAllThreads (Deoptimize) done
Event: 4.365 Executing VM operation: HandshakeAllThreads (Deoptimize)
Event: 4.365 Executing VM operation: HandshakeAllThreads (Deoptimize) done
Event: 4.490 Executing VM operation: ICBufferFull
Event: 4.648 Executing VM operation: ICBufferFull done
Event: 4.750 Executing VM operation: HandshakeAllThreads (Deoptimize)
Event: 4.750 Executing VM operation: HandshakeAllThreads (Deoptimize) done
Event: 5.315 Executing VM operation: G1CollectForAllocation (G1 Evacuation Pause)
Event: 6.469 Executing VM operation: G1CollectForAllocation (G1 Evacuation Pause) done
Event: 6.474 Executing VM operation: HandshakeAllThreads (Deoptimize)
Event: 6.474 Executing VM operation: HandshakeAllThreads (Deoptimize) done
Event: 6.569 Executing VM operation: HandshakeAllThreads (Deoptimize)
Event: 6.569 Executing VM operation: HandshakeAllThreads (Deoptimize) done

Memory protections (0 events):
No events

Nmethod flushes (0 events):
No events

Events (20 events):
Event: 0.184 Thread 0x00000204f0c36980 Thread added: 0x00000204febbe300
Event: 0.185 Thread 0x00000204f0c36980 Thread added: 0x00000204febbed60
Event: 0.185 Thread 0x00000204f0c36980 Thread added: 0x00000204febbfbd0
Event: 0.185 Thread 0x00000204f0c36980 Thread added: 0x00000204febc0630
Event: 0.185 Thread 0x00000204f0c36980 Thread added: 0x00000204febc33d0
Event: 0.195 Thread 0x00000204f0c36980 Thread added: 0x00000204febc3e70
Event: 0.291 Thread 0x00000204f0c36980 Thread added: 0x00000204fec2b640
Event: 0.328 Thread 0x00000204febc3e70 Thread added: 0x00000204fec3b500
Event: 0.338 Thread 0x00000204febc3e70 Thread added: 0x00000204fee30380
Event: 0.507 Thread 0x00000204fee30380 Thread exited: 0x00000204fee30380
Event: 0.629 Thread 0x00000204fec3b500 Thread exited: 0x00000204fec3b500
Event: 0.988 Thread 0x00000204f0c36980 Thread added: 0x00000204feed1460
Event: 2.735 Thread 0x00000204febc33d0 Thread added: 0x00000204ff9cdf30
Event: 2.978 Thread 0x00000204ff9cdf30 Thread exited: 0x00000204ff9cdf30
Event: 3.156 Thread 0x00000204febc33d0 Thread added: 0x00000204ffa17ad0
Event: 3.836 Thread 0x00000204febc3e70 Thread added: 0x00000204d5170530
Event: 4.365 Thread 0x00000204f0c36980 Thread added: 0x00000204d4618740
Event: 4.649 Thread 0x00000204d5170530 Thread exited: 0x00000204d5170530
Event: 4.877 Thread 0x00000204f0c36980 Thread added: 0x00000204d4c4fc30
Event: 4.878 Thread 0x00000204f0c36980 Thread added: 0x00000204d55e5fe0


Dynamic libraries:
0x00007ff6545c0000 - 0x00007ff6545ce000 	C:\Program Files\Eclipse Adoptium\jdk-21.0.4.7-hotspot\bin\java.exe
0x00007ffc05dd0000 - 0x00007ffc05fe7000 	C:\WINDOWS\SYSTEM32\ntdll.dll
0x00007ffc04ea0000 - 0x00007ffc04f64000 	C:\WINDOWS\System32\KERNEL32.DLL
0x00007ffc033f0000 - 0x00007ffc037a9000 	C:\WINDOWS\System32\KERNELBASE.dll
0x00007ffc032d0000 - 0x00007ffc033e1000 	C:\WINDOWS\System32\ucrtbase.dll
0x00007ffbfc5d0000 - 0x00007ffbfc5e8000 	C:\Program Files\Eclipse Adoptium\jdk-21.0.4.7-hotspot\bin\jli.dll
0x00007ffc03ff0000 - 0x00007ffc0419e000 	C:\WINDOWS\System32\USER32.dll
0x00007ffc031e0000 - 0x00007ffc03206000 	C:\WINDOWS\System32\win32u.dll
0x00007ffc059a0000 - 0x00007ffc059c9000 	C:\WINDOWS\System32\GDI32.dll
0x00007ffc037b0000 - 0x00007ffc038cb000 	C:\WINDOWS\System32\gdi32full.dll
0x00007ffbf0e20000 - 0x00007ffbf10b2000 	C:\WINDOWS\WinSxS\amd64_microsoft.windows.common-controls_6595b64144ccf1df_6.0.22621.4391_none_2715d37f73803e96\COMCTL32.dll
0x00007ffc03c50000 - 0x00007ffc03cf7000 	C:\WINDOWS\System32\msvcrt.dll
0x00007ffc03140000 - 0x00007ffc031da000 	C:\WINDOWS\System32\msvcp_win.dll
0x00007ffbfc240000 - 0x00007ffbfc25b000 	C:\Program Files\Eclipse Adoptium\jdk-21.0.4.7-hotspot\bin\VCRUNTIME140.dll
0x00007ffc05260000 - 0x00007ffc05291000 	C:\WINDOWS\System32\IMM32.DLL
0x00007ffbfe1e0000 - 0x00007ffbfe1ec000 	C:\Program Files\Eclipse Adoptium\jdk-21.0.4.7-hotspot\bin\vcruntime140_1.dll
0x00007ffba6190000 - 0x00007ffba621e000 	C:\Program Files\Eclipse Adoptium\jdk-21.0.4.7-hotspot\bin\msvcp140.dll
0x00007ffb7d0c0000 - 0x00007ffb7de48000 	C:\Program Files\Eclipse Adoptium\jdk-21.0.4.7-hotspot\bin\server\jvm.dll
0x00007ffc054a0000 - 0x00007ffc05552000 	C:\WINDOWS\System32\ADVAPI32.dll
0x00007ffc05ce0000 - 0x00007ffc05d87000 	C:\WINDOWS\System32\sechost.dll
0x00007ffc038d0000 - 0x00007ffc038f8000 	C:\WINDOWS\System32\bcrypt.dll
0x00007ffc05b80000 - 0x00007ffc05c94000 	C:\WINDOWS\System32\RPCRT4.dll
0x00007ffc05300000 - 0x00007ffc05371000 	C:\WINDOWS\System32\WS2_32.dll
0x00007ffc01f60000 - 0x00007ffc01fad000 	C:\WINDOWS\SYSTEM32\POWRPROF.dll
0x00007ffbfb2e0000 - 0x00007ffbfb314000 	C:\WINDOWS\SYSTEM32\WINMM.dll
0x00007ffbfef00000 - 0x00007ffbfef0a000 	C:\WINDOWS\SYSTEM32\VERSION.dll
0x00007ffc01f40000 - 0x00007ffc01f53000 	C:\WINDOWS\SYSTEM32\UMPDC.dll
0x00007ffc021a0000 - 0x00007ffc021b8000 	C:\WINDOWS\SYSTEM32\kernel.appcore.dll
0x00007ffbfd7b0000 - 0x00007ffbfd7ba000 	C:\Program Files\Eclipse Adoptium\jdk-21.0.4.7-hotspot\bin\jimage.dll
0x00007ffbf9940000 - 0x00007ffbf9b72000 	C:\WINDOWS\SYSTEM32\DBGHELP.DLL
0x00007ffc05560000 - 0x00007ffc058ef000 	C:\WINDOWS\System32\combase.dll
0x00007ffc03d90000 - 0x00007ffc03e67000 	C:\WINDOWS\System32\OLEAUT32.dll
0x00007ffbedc10000 - 0x00007ffbedc42000 	C:\WINDOWS\SYSTEM32\dbgcore.DLL
0x00007ffc03900000 - 0x00007ffc0397b000 	C:\WINDOWS\System32\bcryptPrimitives.dll
0x00007ffbf3000000 - 0x00007ffbf300f000 	C:\Program Files\Eclipse Adoptium\jdk-21.0.4.7-hotspot\bin\instrument.dll
0x00007ffbfb6b0000 - 0x00007ffbfb6cf000 	C:\Program Files\Eclipse Adoptium\jdk-21.0.4.7-hotspot\bin\java.dll
0x00007ffc04620000 - 0x00007ffc04e96000 	C:\WINDOWS\System32\SHELL32.dll
0x00007ffc01020000 - 0x00007ffc01923000 	C:\WINDOWS\SYSTEM32\windows.storage.dll
0x00007ffc00ee0000 - 0x00007ffc0101f000 	C:\WINDOWS\SYSTEM32\wintypes.dll
0x00007ffc05380000 - 0x00007ffc05479000 	C:\WINDOWS\System32\SHCORE.dll
0x00007ffc052a0000 - 0x00007ffc052fe000 	C:\WINDOWS\System32\shlwapi.dll
0x00007ffc03000000 - 0x00007ffc0302b000 	C:\WINDOWS\SYSTEM32\profapi.dll
0x00007ffba60b0000 - 0x00007ffba6187000 	C:\Program Files\Eclipse Adoptium\jdk-21.0.4.7-hotspot\bin\jsvml.dll
0x00007ffbf3020000 - 0x00007ffbf3038000 	C:\Program Files\Eclipse Adoptium\jdk-21.0.4.7-hotspot\bin\zip.dll
0x00007ffbfc230000 - 0x00007ffbfc240000 	C:\Program Files\Eclipse Adoptium\jdk-21.0.4.7-hotspot\bin\net.dll
0x00007ffbfe910000 - 0x00007ffbfea46000 	C:\WINDOWS\SYSTEM32\WINHTTP.dll
0x00007ffc02680000 - 0x00007ffc026e9000 	C:\WINDOWS\system32\mswsock.dll
0x00007ffbfb510000 - 0x00007ffbfb526000 	C:\Program Files\Eclipse Adoptium\jdk-21.0.4.7-hotspot\bin\nio.dll
0x00007ffbfbed0000 - 0x00007ffbfbee0000 	C:\Program Files\Eclipse Adoptium\jdk-21.0.4.7-hotspot\bin\verify.dll
0x00007ffbfbbc0000 - 0x00007ffbfbbd7000 	C:\WINDOWS\system32\napinsp.dll
0x00007ffbfe240000 - 0x00007ffbfe25b000 	C:\WINDOWS\system32\pnrpnsp.dll
0x00007ffc01cc0000 - 0x00007ffc01dc2000 	C:\WINDOWS\SYSTEM32\DNSAPI.dll
0x00007ffc01c40000 - 0x00007ffc01c6d000 	C:\WINDOWS\SYSTEM32\IPHLPAPI.DLL
0x00007ffc05250000 - 0x00007ffc05259000 	C:\WINDOWS\System32\NSI.dll
0x00007ffbfe220000 - 0x00007ffbfe231000 	C:\WINDOWS\System32\winrnr.dll
0x00007ffbfe550000 - 0x00007ffbfe565000 	C:\WINDOWS\system32\wshbth.dll
0x00007ffb7f560000 - 0x00007ffb7f587000 	C:\WINDOWS\system32\nlansp_c.dll
0x00007ffbfb2b0000 - 0x00007ffbfb2ba000 	C:\Windows\System32\rasadhlp.dll
0x00007ffbfc0d0000 - 0x00007ffbfc153000 	C:\WINDOWS\System32\fwpuclnt.dll
0x00007ffbf3010000 - 0x00007ffbf3019000 	C:\Program Files\Eclipse Adoptium\jdk-21.0.4.7-hotspot\bin\extnet.dll
0x00007ffbf2ff0000 - 0x00007ffbf2ffe000 	C:\Program Files\Eclipse Adoptium\jdk-21.0.4.7-hotspot\bin\sunmscapi.dll
0x00007ffc03980000 - 0x00007ffc03ae6000 	C:\WINDOWS\System32\CRYPT32.dll
0x00007ffc02a90000 - 0x00007ffc02abd000 	C:\WINDOWS\SYSTEM32\ncrypt.dll
0x00007ffc02a50000 - 0x00007ffc02a87000 	C:\WINDOWS\SYSTEM32\NTASN1.dll
0x00007ffbf24b0000 - 0x00007ffbf24b8000 	C:\WINDOWS\system32\wshunix.dll
0x00007ffc028e0000 - 0x00007ffc028fb000 	C:\WINDOWS\SYSTEM32\CRYPTSP.dll
0x00007ffc02160000 - 0x00007ffc02195000 	C:\WINDOWS\system32\rsaenh.dll
0x00007ffc02770000 - 0x00007ffc02798000 	C:\WINDOWS\SYSTEM32\USERENV.dll
0x00007ffc028d0000 - 0x00007ffc028dc000 	C:\WINDOWS\SYSTEM32\CRYPTBASE.dll

dbghelp: loaded successfully - version: 4.0.5 - missing functions: none
symbol engine: initialized successfully - sym options: 0x614 - pdb path: .;C:\Program Files\Eclipse Adoptium\jdk-21.0.4.7-hotspot\bin;C:\WINDOWS\SYSTEM32;C:\WINDOWS\WinSxS\amd64_microsoft.windows.common-controls_6595b64144ccf1df_6.0.22621.4391_none_2715d37f73803e96;C:\Program Files\Eclipse Adoptium\jdk-21.0.4.7-hotspot\bin\server

VM Arguments:
jvm_args: -Dorg.gradle.internal.worker.tmpdir=C:\Users\stefa\Desktop\Java\lab11\lab11\114-workers\build\tmp\test\work -javaagent:C:\Users\stefa\Desktop\Java\lab11\lab11\114-workers\build\tmp\.cache\expanded\zip_ff7bf8f04f99dc306508d1c81e47a68b\jacocoagent.jar=destfile=build/jacoco/test.exec,append=true,inclnolocationclasses=false,dumponexit=true,output=file,jmx=false -Xmx512m -Dfile.encoding=UTF-8 -Duser.country=IT -Duser.language=it -Duser.variant -ea 
java_command: worker.org.gradle.process.internal.worker.GradleWorkerMain 'Gradle Test Executor 7'
java_class_path (initial): C:\\Users\\stefa\\.gradle\\caches\\8.10.2\\workerMain\\gradle-worker.jar;C:\\Users\\stefa\\Desktop\\Java\\lab11\\lab11\\114-workers\\build\\classes\\java\\test;C:\\Users\\stefa\\Desktop\\Java\\lab11\\lab11\\114-workers\\build\\classes\\java\\main;C:\\Users\\stefa\\.gradle\\caches\\modules-2\\files-2.1\\org.junit.platform\\junit-platform-engine\\1.11.3\\b2b5f1af958609110c1f4ce055b9050fec77fbda\\junit-platform-engine-1.11.3.jar;C:\\Users\\stefa\\.gradle\\caches\\modules-2\\files-2.1\\org.junit.platform\\junit-platform-commons\\1.11.3\\71eaa12ce1322069c712d1d557a5e95324a8a84c\\junit-platform-commons-1.11.3.jar;C:\\Users\\stefa\\.gradle\\caches\\modules-2\\files-2.1\\org.junit.jupiter\\junit-jupiter-engine\\5.11.3\\78392fae7f493f92618b837610c2915d0528b4fa\\junit-jupiter-engine-5.11.3.jar;C:\\Users\\stefa\\.gradle\\caches\\modules-2\\files-2.1\\org.junit.jupiter\\junit-jupiter-api\\5.11.3\\89b1b4f707e19ed1c594c2d782987a6954226aec\\junit-jupiter-api-5.11.3.jar;C:\\Users\\stefa\\.gradle\\caches\\modules-2\\files-2.1\\org.opentest4j\\opentest4j\\1.3.0\\152ea56b3a72f655d4fd677fc0ef2596c3dd5e6e\\opentest4j-1.3.0.jar;C:\\Users\\stefa\\.gradle\\wrapper\\dists\\gradle-8.10.2-bin\\a04bxjujx95o3nb99gddekhwo\\gradle-8.10.2\\lib\\plugins\\junit-platform-engine-1.8.2.jar;C:\\Users\\stefa\\.gradle\\wrapper\\dists\\gradle-8.10.2-bin\\a04bxjujx95o3nb99gddekhwo\\gradle-8.10.2\\lib\\plugins\\junit-platform-launcher-1.8.2.jar;C:\\Users\\stefa\\.gradle\\wrapper\\dists\\gradle-8.10.2-bin\\a04bxjujx95o3nb99gddekhwo\\gradle-8.10.2\\lib\\plugins\\junit-platform-commons-1.8.2.jar
Launcher Type: SUN_STANDARD

[Global flags]
     intx CICompilerCount                          = 4                                         {product} {ergonomic}
     uint ConcGCThreads                            = 2                                         {product} {ergonomic}
     uint G1ConcRefinementThreads                  = 8                                         {product} {ergonomic}
   size_t G1HeapRegionSize                         = 1048576                                   {product} {ergonomic}
    uintx GCDrainStackTargetSize                   = 64                                        {product} {ergonomic}
   size_t InitialHeapSize                          = 132120576                                 {product} {ergonomic}
   size_t MarkStackSize                            = 4194304                                   {product} {ergonomic}
   size_t MaxHeapSize                              = 536870912                                 {product} {command line}
   size_t MaxNewSize                               = 321912832                                 {product} {ergonomic}
   size_t MinHeapDeltaBytes                        = 1048576                                   {product} {ergonomic}
   size_t MinHeapSize                              = 8388608                                   {product} {ergonomic}
    uintx NonNMethodCodeHeapSize                   = 5839372                                {pd product} {ergonomic}
    uintx NonProfiledCodeHeapSize                  = 122909434                              {pd product} {ergonomic}
    uintx ProfiledCodeHeapSize                     = 122909434                              {pd product} {ergonomic}
    uintx ReservedCodeCacheSize                    = 251658240                              {pd product} {ergonomic}
     bool SegmentedCodeCache                       = true                                      {product} {ergonomic}
   size_t SoftMaxHeapSize                          = 536870912                              {manageable} {ergonomic}
     bool UseCompressedOops                        = true                           {product lp64_product} {ergonomic}
     bool UseG1GC                                  = true                                      {product} {ergonomic}
     bool UseLargePagesIndividualAllocation        = false                                  {pd product} {ergonomic}

Logging:
Log output configuration:
 #0: stdout all=warning uptime,level,tags foldmultilines=false
 #1: stderr all=off uptime,level,tags foldmultilines=false

Environment Variables:
JAVA_HOME=C:\Program Files\Eclipse Adoptium\jdk-21.0.4.7-hotspot\
PATH=C:\Users\stefa\bin;C:\Program Files\Git\mingw64\bin;C:\Program Files\Git\usr\local\bin;C:\Program Files\Git\usr\bin;C:\Program Files\Git\usr\bin;C:\Program Files\Git\mingw64\bin;C:\Program Files\Git\usr\bin;C:\Users\stefa\bin;C:\Program Files\Common Files\Oracle\Java\javapath;C:\Program Files (x86)\Common Files\Oracle\Java\javapath;C:\Program Files\Eclipse Adoptium\jdk-21.0.4.7-hotspot\bin;C:\WINDOWS\system32;C:\WINDOWS;C:\WINDOWS\System32\Wbem;C:\WINDOWS\System32\WindowsPowerShell\v1.0;C:\WINDOWS\System32\OpenSSH;C:\Program Files (x86)\dotnet;C:\Program Files (x86)\Windows Kits\10\Windows Performance Toolkit;C:\Users\stefa\Downloads\winlibs-x86_64-posix-seh-gcc-12.2.0-mingw-w64ucrt-10.0.0-r2\mingw64\bin;C:\Program Files\Git\cmd;C:\Users\stefa\AppData\Local\Microsoft\WindowsApps;C:\Users\stefa\AppData\Local\Programs\Microsoft VS Code\bin;C:\Program Files\Git\usr\bin\vendor_perl;C:\Program Files\Git\usr\bin\core_perl
USERNAME=stefa
SHELL=C:\Program Files\Git\usr\bin\bash.exe
DISPLAY=needs-to-be-defined
LANG=en_US.UTF-8
TERM=xterm-256color
TMPDIR=C:\Users\stefa\AppData\Local\Temp
OS=Windows_NT
PROCESSOR_IDENTIFIER=Intel64 Family 6 Model 142 Stepping 12, GenuineIntel
TMP=C:\Users\stefa\AppData\Local\Temp
TEMP=C:\Users\stefa\AppData\Local\Temp




Periodic native trim disabled

---------------  S Y S T E M  ---------------

OS:
 Windows 11 , 64 bit Build 22621 (10.0.22621.4391)
OS uptime: 9 days 7:03 hours

CPU: total 8 (initial active 8) (4 cores per cpu, 2 threads per core) family 6 model 142 stepping 12 microcode 0xde, cx8, cmov, fxsr, ht, mmx, 3dnowpref, sse, sse2, sse3, ssse3, sse4.1, sse4.2, popcnt, lzcnt, tsc, tscinvbit, avx, avx2, aes, erms, clmul, bmi1, bmi2, adx, fma, vzeroupper, clflush, clflushopt, rdtscp, f16c
Processor Information for all 8 processors :
  Max Mhz: 2112, Current Mhz: 2112, Mhz Limit: 1605

Memory: 4k page, system-wide physical 8025M (847M free)
TotalPageFile size 10073M (AvailPageFile size 39M)
current process WorkingSet (physical memory assigned to process): 116M, peak: 126M
current process commit charge ("private bytes"): 241M, peak: 256M

vm_info: OpenJDK 64-Bit Server VM (21.0.4+7-LTS) for windows-amd64 JRE (21.0.4+7-LTS), built on 2024-07-16T00:00:00Z by "admin" with MS VC++ 17.7 (VS2022)

END.
