#
# There is insufficient memory for the Java Runtime Environment to continue.
# Native memory allocation (malloc) failed to allocate 770720 bytes. Error detail: Chunk::new
# Possible reasons:
#   The system is out of physical RAM or swap space
#   This process is running with CompressedOops enabled, and the Java Heap may be blocking the growth of the native heap
# Possible solutions:
#   Reduce memory load on the system
#   Increase physical memory or swap space
#   Check if swap backing store is full
#   Decrease Java heap size (-Xmx/-Xms)
#   Decrease number of Java threads
#   Decrease Java thread stack sizes (-Xss)
#   Set larger code cache with -XX:ReservedCodeCacheSize=
#   JVM is running with Unscaled Compressed Oops mode in which the Java heap is
#     placed in the first 4GB address space. The Java Heap base address is the
#     maximum limit for the native heap growth. Please use -XX:HeapBaseMinAddress
#     to set the Java Heap base and to place the Java Heap above 4GB virtual address.
# This output file may be truncated or incomplete.
#
#  Out of Memory Error (arena.cpp:168), pid=13764, tid=14032
#
# JRE version: OpenJDK Runtime Environment Temurin-21.0.4+7 (21.0.4+7) (build 21.0.4+7-LTS)
# Java VM: OpenJDK 64-Bit Server VM Temurin-21.0.4+7 (21.0.4+7-LTS, mixed mode, sharing, tiered, compressed oops, compressed class ptrs, g1 gc, windows-amd64)
# No core dump will be written. Minidumps are not enabled by default on client versions of Windows
#

---------------  S U M M A R Y ------------

Command Line: -Dfile.encoding=UTF-8 -Duser.country=IT -Duser.language=it -Duser.variant edu.umd.cs.findbugs.FindBugs2 -exitcode -timestampNow -auxclasspathFromFile C:\Users\stefa\Desktop\Java\lab11\lab11\114-workers\build\spotbugs\auxclasspath\spotbugsTest -sourcepath C:\Users\stefa\Desktop\Java\lab11\lab11\114-workers\src\test\resources;C:\Users\stefa\Desktop\Java\lab11\lab11\114-workers\src\test\java -effort:max -low -exclude C:\Users\stefa\Desktop\Java\lab11\lab11\114-workers\build\javaqa\spotbugs-excludes.xml -onlyAnalyze  -projectName 114-workers (spotbugsTest) -release unspecified -analyzeFromFile C:\Users\stefa\Desktop\Java\lab11\lab11\114-workers\build\spotbugsTest-analyse-class-file.txt

Host: Intel(R) Core(TM) i5-10210U CPU @ 1.60GHz, 8 cores, 7G,  Windows 11 , 64 bit Build 22621 (10.0.22621.4391)
Time: Wed Dec  4 17:47:37 2024 ora solare Europa occidentale elapsed time: 7.227781 seconds (0d 0h 0m 7s)

---------------  T H R E A D  ---------------

Current thread (0x0000018d35161af0):  JavaThread "C2 CompilerThread0" daemon [_thread_in_native, id=14032, stack(0x000000324cd00000,0x000000324ce00000) (1024K)]


Current CompileTask:
C2:   7227 2092       4       java.util.Spliterators$1Adapter::hasNext (23 bytes)

Stack: [0x000000324cd00000,0x000000324ce00000]
Native frames: (J=compiled Java code, j=interpreted, Vv=VM code, C=native code)
V  [jvm.dll+0x6cbcf9]
V  [jvm.dll+0x8a5551]
V  [jvm.dll+0x8a7a7e]
V  [jvm.dll+0x8a8153]
V  [jvm.dll+0x27eca6]
V  [jvm.dll+0xc4aad]
V  [jvm.dll+0xc4fe3]
V  [jvm.dll+0x3b513c]
V  [jvm.dll+0x3815a5]
V  [jvm.dll+0x380a0a]
V  [jvm.dll+0x247110]
V  [jvm.dll+0x2466ef]
V  [jvm.dll+0x1c6f7e]
V  [jvm.dll+0x255e7a]
V  [jvm.dll+0x25441a]
V  [jvm.dll+0x3eeef6]
V  [jvm.dll+0x84f17b]
V  [jvm.dll+0x6ca3fd]
C  [ucrtbase.dll+0x29333]
C  [KERNEL32.DLL+0x1259d]
C  [ntdll.dll+0x5af38]


---------------  P R O C E S S  ---------------

Threads class SMR info:
_java_thread_list=0x0000018d35d06d40, length=13, elements={
0x0000018d185cb8d0, 0x0000018d35157760, 0x0000018d351582c0, 0x0000018d3515ee40,
0x0000018d3515f8a0, 0x0000018d35160300, 0x0000018d35160d60, 0x0000018d35161af0,
0x0000018d351659a0, 0x0000018d353dafa0, 0x0000018d353dc3f0, 0x0000018d7c3f0310,
0x0000018d7b9c1550
}

Java Threads: ( => current thread )
  0x0000018d185cb8d0 JavaThread "main"                              [_thread_in_vm, id=15048, stack(0x000000324bf00000,0x000000324c000000) (1024K)]
  0x0000018d35157760 JavaThread "Reference Handler"          daemon [_thread_blocked, id=15600, stack(0x000000324c700000,0x000000324c800000) (1024K)]
  0x0000018d351582c0 JavaThread "Finalizer"                  daemon [_thread_blocked, id=5044, stack(0x000000324c800000,0x000000324c900000) (1024K)]
  0x0000018d3515ee40 JavaThread "Signal Dispatcher"          daemon [_thread_blocked, id=13792, stack(0x000000324c900000,0x000000324ca00000) (1024K)]
  0x0000018d3515f8a0 JavaThread "Attach Listener"            daemon [_thread_blocked, id=8896, stack(0x000000324ca00000,0x000000324cb00000) (1024K)]
  0x0000018d35160300 JavaThread "Service Thread"             daemon [_thread_blocked, id=17620, stack(0x000000324cb00000,0x000000324cc00000) (1024K)]
  0x0000018d35160d60 JavaThread "Monitor Deflation Thread"   daemon [_thread_blocked, id=17288, stack(0x000000324cc00000,0x000000324cd00000) (1024K)]
=>0x0000018d35161af0 JavaThread "C2 CompilerThread0"         daemon [_thread_in_native, id=14032, stack(0x000000324cd00000,0x000000324ce00000) (1024K)]
  0x0000018d351659a0 JavaThread "C1 CompilerThread0"         daemon [_thread_blocked, id=17084, stack(0x000000324ce00000,0x000000324cf00000) (1024K)]
  0x0000018d353dafa0 JavaThread "Notification Thread"        daemon [_thread_blocked, id=12572, stack(0x000000324cf00000,0x000000324d000000) (1024K)]
  0x0000018d353dc3f0 JavaThread "Common-Cleaner"             daemon [_thread_blocked, id=17344, stack(0x000000324d000000,0x000000324d100000) (1024K)]
  0x0000018d7c3f0310 JavaThread "C2 CompilerThread1"         daemon [_thread_blocked, id=6964, stack(0x000000324d100000,0x000000324d200000) (1024K)]
  0x0000018d7b9c1550 JavaThread "C2 CompilerThread2"         daemon [_thread_in_native, id=11112, stack(0x000000324d200000,0x000000324d300000) (1024K)]
Total: 13

Other Threads:
  0x0000018d35138e50 VMThread "VM Thread"                           [id=19612, stack(0x000000324c600000,0x000000324c700000) (1024K)]
  0x0000018d3511ad40 WatcherThread "VM Periodic Task Thread"        [id=18528, stack(0x000000324c500000,0x000000324c600000) (1024K)]
  0x0000018d1861c3f0 WorkerThread "GC Thread#0"                     [id=10488, stack(0x000000324c000000,0x000000324c100000) (1024K)]
  0x0000018d7bb745f0 WorkerThread "GC Thread#1"                     [id=3284, stack(0x000000324d300000,0x000000324d400000) (1024K)]
  0x0000018d7b569330 WorkerThread "GC Thread#2"                     [id=17428, stack(0x000000324d400000,0x000000324d500000) (1024K)]
  0x0000018d7bea2750 WorkerThread "GC Thread#3"                     [id=11980, stack(0x000000324d500000,0x000000324d600000) (1024K)]
  0x0000018d7bf9cf30 WorkerThread "GC Thread#4"                     [id=16700, stack(0x000000324d600000,0x000000324d700000) (1024K)]
  0x0000018d35bee240 WorkerThread "GC Thread#5"                     [id=17260, stack(0x000000324d700000,0x000000324d800000) (1024K)]
  0x0000018d7b5696d0 WorkerThread "GC Thread#6"                     [id=11200, stack(0x000000324d800000,0x000000324d900000) (1024K)]
  0x0000018d1862cd70 ConcurrentGCThread "G1 Main Marker"            [id=10640, stack(0x000000324c100000,0x000000324c200000) (1024K)]
  0x0000018d1862e720 WorkerThread "G1 Conc#0"                       [id=6980, stack(0x000000324c200000,0x000000324c300000) (1024K)]
  0x0000018d34fea930 ConcurrentGCThread "G1 Refine#0"               [id=14152, stack(0x000000324c300000,0x000000324c400000) (1024K)]
  0x0000018d34feb340 ConcurrentGCThread "G1 Service"                [id=18996, stack(0x000000324c400000,0x000000324c500000) (1024K)]
Total: 13

Threads with active compile tasks:
C2 CompilerThread0     7252 2092       4       java.util.Spliterators$1Adapter::hasNext (23 bytes)
C2 CompilerThread2     7253 2129  s!   4       jdk.internal.loader.URLClassPath::getLoader (194 bytes)
Total: 2

VM state: not at safepoint (normal execution)

VM Mutex/Monitor currently owned by a thread: None

Heap address: 0x0000000082800000, size: 2008 MB, Compressed Oops mode: 32-bit

CDS archive(s) mapped at: [0x0000018d36000000-0x0000018d36c90000-0x0000018d36c90000), size 13172736, SharedBaseAddress: 0x0000018d36000000, ArchiveRelocationMode: 1.
Compressed class space mapped at: 0x0000018d37000000-0x0000018d77000000, reserved size: 1073741824
Narrow klass base: 0x0000018d36000000, Narrow klass shift: 0, Narrow klass range: 0x100000000

GC Precious Log:
 CardTable entry size: 512
 Card Set container configuration: InlinePtr #cards 5 size 8 Array Of Cards #cards 12 size 40 Howl #buckets 4 coarsen threshold 1843 Howl Bitmap #cards 512 size 80 coarsen threshold 460 Card regions per heap region 1 cards per card region 2048
 CPUs: 8 total, 8 available
 Memory: 8025M
 Large Page Support: Disabled
 NUMA Support: Disabled
 Compressed Oops: Enabled (32-bit)
 Heap Region Size: 1M
 Heap Min Capacity: 8M
 Heap Initial Capacity: 126M
 Heap Max Capacity: 2008M
 Pre-touch: Disabled
 Parallel Workers: 8
 Concurrent Workers: 2
 Concurrent Refinement Workers: 8
 Periodic GC: Disabled

Heap:
 garbage-first heap   total 129024K, used 82455K [0x0000000082800000, 0x0000000100000000)
  region size 1024K, 75 young (76800K), 1 survivors (1024K)
 Metaspace       used 9758K, committed 9984K, reserved 1114112K
  class space    used 1237K, committed 1344K, reserved 1048576K

Heap Regions: E=young(eden), S=young(survivor), O=old, HS=humongous(starts), HC=humongous(continues), CS=collection set, F=free, TAMS=top-at-mark-start, PB=parsable bottom
|   0|0x0000000082800000, 0x0000000082900000, 0x0000000082900000|100%| O|  |TAMS 0x0000000082800000| PB 0x0000000082800000| Untracked 
|   1|0x0000000082900000, 0x0000000082a00000, 0x0000000082a00000|100%| O|  |TAMS 0x0000000082900000| PB 0x0000000082900000| Untracked 
|   2|0x0000000082a00000, 0x0000000082b00000, 0x0000000082b00000|100%| O|  |TAMS 0x0000000082a00000| PB 0x0000000082a00000| Untracked 
|   3|0x0000000082b00000, 0x0000000082c00000, 0x0000000082c00000|100%| O|  |TAMS 0x0000000082b00000| PB 0x0000000082b00000| Untracked 
|   4|0x0000000082c00000, 0x0000000082d00000, 0x0000000082d00000|100%| O|  |TAMS 0x0000000082c00000| PB 0x0000000082c00000| Untracked 
|   5|0x0000000082d00000, 0x0000000082e00000, 0x0000000082e00000|100%|HS|  |TAMS 0x0000000082d00000| PB 0x0000000082d00000| Complete 
|   6|0x0000000082e00000, 0x0000000082f00000, 0x0000000082f00000|100%|HS|  |TAMS 0x0000000082e00000| PB 0x0000000082e00000| Complete 
|   7|0x0000000082f00000, 0x0000000082f00000, 0x0000000083000000|  0%| F|  |TAMS 0x0000000082f00000| PB 0x0000000082f00000| Untracked 
|   8|0x0000000083000000, 0x0000000083000000, 0x0000000083100000|  0%| F|  |TAMS 0x0000000083000000| PB 0x0000000083000000| Untracked 
|   9|0x0000000083100000, 0x0000000083100000, 0x0000000083200000|  0%| F|  |TAMS 0x0000000083100000| PB 0x0000000083100000| Untracked 
|  10|0x0000000083200000, 0x0000000083200000, 0x0000000083300000|  0%| F|  |TAMS 0x0000000083200000| PB 0x0000000083200000| Untracked 
|  11|0x0000000083300000, 0x0000000083300000, 0x0000000083400000|  0%| F|  |TAMS 0x0000000083300000| PB 0x0000000083300000| Untracked 
|  12|0x0000000083400000, 0x0000000083400000, 0x0000000083500000|  0%| F|  |TAMS 0x0000000083400000| PB 0x0000000083400000| Untracked 
|  13|0x0000000083500000, 0x0000000083500000, 0x0000000083600000|  0%| F|  |TAMS 0x0000000083500000| PB 0x0000000083500000| Untracked 
|  14|0x0000000083600000, 0x0000000083600000, 0x0000000083700000|  0%| F|  |TAMS 0x0000000083600000| PB 0x0000000083600000| Untracked 
|  15|0x0000000083700000, 0x0000000083700000, 0x0000000083800000|  0%| F|  |TAMS 0x0000000083700000| PB 0x0000000083700000| Untracked 
|  16|0x0000000083800000, 0x0000000083800000, 0x0000000083900000|  0%| F|  |TAMS 0x0000000083800000| PB 0x0000000083800000| Untracked 
|  17|0x0000000083900000, 0x0000000083900000, 0x0000000083a00000|  0%| F|  |TAMS 0x0000000083900000| PB 0x0000000083900000| Untracked 
|  18|0x0000000083a00000, 0x0000000083a00000, 0x0000000083b00000|  0%| F|  |TAMS 0x0000000083a00000| PB 0x0000000083a00000| Untracked 
|  19|0x0000000083b00000, 0x0000000083b00000, 0x0000000083c00000|  0%| F|  |TAMS 0x0000000083b00000| PB 0x0000000083b00000| Untracked 
|  20|0x0000000083c00000, 0x0000000083c00000, 0x0000000083d00000|  0%| F|  |TAMS 0x0000000083c00000| PB 0x0000000083c00000| Untracked 
|  21|0x0000000083d00000, 0x0000000083d00000, 0x0000000083e00000|  0%| F|  |TAMS 0x0000000083d00000| PB 0x0000000083d00000| Untracked 
|  22|0x0000000083e00000, 0x0000000083e00000, 0x0000000083f00000|  0%| F|  |TAMS 0x0000000083e00000| PB 0x0000000083e00000| Untracked 
|  23|0x0000000083f00000, 0x0000000083f00000, 0x0000000084000000|  0%| F|  |TAMS 0x0000000083f00000| PB 0x0000000083f00000| Untracked 
|  24|0x0000000084000000, 0x0000000084000000, 0x0000000084100000|  0%| F|  |TAMS 0x0000000084000000| PB 0x0000000084000000| Untracked 
|  25|0x0000000084100000, 0x0000000084100000, 0x0000000084200000|  0%| F|  |TAMS 0x0000000084100000| PB 0x0000000084100000| Untracked 
|  26|0x0000000084200000, 0x0000000084200000, 0x0000000084300000|  0%| F|  |TAMS 0x0000000084200000| PB 0x0000000084200000| Untracked 
|  27|0x0000000084300000, 0x0000000084300000, 0x0000000084400000|  0%| F|  |TAMS 0x0000000084300000| PB 0x0000000084300000| Untracked 
|  28|0x0000000084400000, 0x0000000084400000, 0x0000000084500000|  0%| F|  |TAMS 0x0000000084400000| PB 0x0000000084400000| Untracked 
|  29|0x0000000084500000, 0x0000000084500000, 0x0000000084600000|  0%| F|  |TAMS 0x0000000084500000| PB 0x0000000084500000| Untracked 
|  30|0x0000000084600000, 0x0000000084600000, 0x0000000084700000|  0%| F|  |TAMS 0x0000000084600000| PB 0x0000000084600000| Untracked 
|  31|0x0000000084700000, 0x0000000084700000, 0x0000000084800000|  0%| F|  |TAMS 0x0000000084700000| PB 0x0000000084700000| Untracked 
|  32|0x0000000084800000, 0x0000000084800000, 0x0000000084900000|  0%| F|  |TAMS 0x0000000084800000| PB 0x0000000084800000| Untracked 
|  33|0x0000000084900000, 0x0000000084900000, 0x0000000084a00000|  0%| F|  |TAMS 0x0000000084900000| PB 0x0000000084900000| Untracked 
|  34|0x0000000084a00000, 0x0000000084a00000, 0x0000000084b00000|  0%| F|  |TAMS 0x0000000084a00000| PB 0x0000000084a00000| Untracked 
|  35|0x0000000084b00000, 0x0000000084b00000, 0x0000000084c00000|  0%| F|  |TAMS 0x0000000084b00000| PB 0x0000000084b00000| Untracked 
|  36|0x0000000084c00000, 0x0000000084c00000, 0x0000000084d00000|  0%| F|  |TAMS 0x0000000084c00000| PB 0x0000000084c00000| Untracked 
|  37|0x0000000084d00000, 0x0000000084d00000, 0x0000000084e00000|  0%| F|  |TAMS 0x0000000084d00000| PB 0x0000000084d00000| Untracked 
|  38|0x0000000084e00000, 0x0000000084e00000, 0x0000000084f00000|  0%| F|  |TAMS 0x0000000084e00000| PB 0x0000000084e00000| Untracked 
|  39|0x0000000084f00000, 0x0000000084f00000, 0x0000000085000000|  0%| F|  |TAMS 0x0000000084f00000| PB 0x0000000084f00000| Untracked 
|  40|0x0000000085000000, 0x0000000085000000, 0x0000000085100000|  0%| F|  |TAMS 0x0000000085000000| PB 0x0000000085000000| Untracked 
|  41|0x0000000085100000, 0x0000000085100000, 0x0000000085200000|  0%| F|  |TAMS 0x0000000085100000| PB 0x0000000085100000| Untracked 
|  42|0x0000000085200000, 0x0000000085200000, 0x0000000085300000|  0%| F|  |TAMS 0x0000000085200000| PB 0x0000000085200000| Untracked 
|  43|0x0000000085300000, 0x0000000085300000, 0x0000000085400000|  0%| F|  |TAMS 0x0000000085300000| PB 0x0000000085300000| Untracked 
|  44|0x0000000085400000, 0x0000000085400000, 0x0000000085500000|  0%| F|  |TAMS 0x0000000085400000| PB 0x0000000085400000| Untracked 
|  45|0x0000000085500000, 0x0000000085500000, 0x0000000085600000|  0%| F|  |TAMS 0x0000000085500000| PB 0x0000000085500000| Untracked 
|  46|0x0000000085600000, 0x0000000085600000, 0x0000000085700000|  0%| F|  |TAMS 0x0000000085600000| PB 0x0000000085600000| Untracked 
|  47|0x0000000085700000, 0x0000000085700000, 0x0000000085800000|  0%| F|  |TAMS 0x0000000085700000| PB 0x0000000085700000| Untracked 
|  48|0x0000000085800000, 0x0000000085800000, 0x0000000085900000|  0%| F|  |TAMS 0x0000000085800000| PB 0x0000000085800000| Untracked 
|  49|0x0000000085900000, 0x0000000085900000, 0x0000000085a00000|  0%| F|  |TAMS 0x0000000085900000| PB 0x0000000085900000| Untracked 
|  50|0x0000000085a00000, 0x0000000085a00000, 0x0000000085b00000|  0%| F|  |TAMS 0x0000000085a00000| PB 0x0000000085a00000| Untracked 
|  51|0x0000000085b00000, 0x0000000085c00000, 0x0000000085c00000|100%| E|  |TAMS 0x0000000085b00000| PB 0x0000000085b00000| Complete 
|  52|0x0000000085c00000, 0x0000000085d00000, 0x0000000085d00000|100%| E|CS|TAMS 0x0000000085c00000| PB 0x0000000085c00000| Complete 
|  53|0x0000000085d00000, 0x0000000085e00000, 0x0000000085e00000|100%| E|CS|TAMS 0x0000000085d00000| PB 0x0000000085d00000| Complete 
|  54|0x0000000085e00000, 0x0000000085f00000, 0x0000000085f00000|100%| E|CS|TAMS 0x0000000085e00000| PB 0x0000000085e00000| Complete 
|  55|0x0000000085f00000, 0x0000000086000000, 0x0000000086000000|100%| E|CS|TAMS 0x0000000085f00000| PB 0x0000000085f00000| Complete 
|  56|0x0000000086000000, 0x0000000086100000, 0x0000000086100000|100%| E|CS|TAMS 0x0000000086000000| PB 0x0000000086000000| Complete 
|  57|0x0000000086100000, 0x0000000086200000, 0x0000000086200000|100%| E|CS|TAMS 0x0000000086100000| PB 0x0000000086100000| Complete 
|  58|0x0000000086200000, 0x0000000086300000, 0x0000000086300000|100%| E|CS|TAMS 0x0000000086200000| PB 0x0000000086200000| Complete 
|  59|0x0000000086300000, 0x0000000086400000, 0x0000000086400000|100%| E|CS|TAMS 0x0000000086300000| PB 0x0000000086300000| Complete 
|  60|0x0000000086400000, 0x0000000086500000, 0x0000000086500000|100%| E|CS|TAMS 0x0000000086400000| PB 0x0000000086400000| Complete 
|  61|0x0000000086500000, 0x0000000086600000, 0x0000000086600000|100%| E|CS|TAMS 0x0000000086500000| PB 0x0000000086500000| Complete 
|  62|0x0000000086600000, 0x0000000086700000, 0x0000000086700000|100%| E|CS|TAMS 0x0000000086600000| PB 0x0000000086600000| Complete 
|  63|0x0000000086700000, 0x0000000086800000, 0x0000000086800000|100%| E|CS|TAMS 0x0000000086700000| PB 0x0000000086700000| Complete 
|  64|0x0000000086800000, 0x0000000086900000, 0x0000000086900000|100%| E|CS|TAMS 0x0000000086800000| PB 0x0000000086800000| Complete 
|  65|0x0000000086900000, 0x0000000086a00000, 0x0000000086a00000|100%| E|CS|TAMS 0x0000000086900000| PB 0x0000000086900000| Complete 
|  66|0x0000000086a00000, 0x0000000086b00000, 0x0000000086b00000|100%| E|CS|TAMS 0x0000000086a00000| PB 0x0000000086a00000| Complete 
|  67|0x0000000086b00000, 0x0000000086c00000, 0x0000000086c00000|100%| E|CS|TAMS 0x0000000086b00000| PB 0x0000000086b00000| Complete 
|  68|0x0000000086c00000, 0x0000000086d00000, 0x0000000086d00000|100%| E|CS|TAMS 0x0000000086c00000| PB 0x0000000086c00000| Complete 
|  69|0x0000000086d00000, 0x0000000086e00000, 0x0000000086e00000|100%| E|CS|TAMS 0x0000000086d00000| PB 0x0000000086d00000| Complete 
|  70|0x0000000086e00000, 0x0000000086f00000, 0x0000000086f00000|100%| E|CS|TAMS 0x0000000086e00000| PB 0x0000000086e00000| Complete 
|  71|0x0000000086f00000, 0x0000000087000000, 0x0000000087000000|100%| E|CS|TAMS 0x0000000086f00000| PB 0x0000000086f00000| Complete 
|  72|0x0000000087000000, 0x0000000087100000, 0x0000000087100000|100%| E|CS|TAMS 0x0000000087000000| PB 0x0000000087000000| Complete 
|  73|0x0000000087100000, 0x0000000087200000, 0x0000000087200000|100%| E|CS|TAMS 0x0000000087100000| PB 0x0000000087100000| Complete 
|  74|0x0000000087200000, 0x0000000087300000, 0x0000000087300000|100%| E|CS|TAMS 0x0000000087200000| PB 0x0000000087200000| Complete 
|  75|0x0000000087300000, 0x0000000087400000, 0x0000000087400000|100%| E|CS|TAMS 0x0000000087300000| PB 0x0000000087300000| Complete 
|  76|0x0000000087400000, 0x0000000087500000, 0x0000000087500000|100%| E|CS|TAMS 0x0000000087400000| PB 0x0000000087400000| Complete 
|  77|0x0000000087500000, 0x0000000087600000, 0x0000000087600000|100%| E|CS|TAMS 0x0000000087500000| PB 0x0000000087500000| Complete 
|  78|0x0000000087600000, 0x0000000087700000, 0x0000000087700000|100%| E|CS|TAMS 0x0000000087600000| PB 0x0000000087600000| Complete 
|  79|0x0000000087700000, 0x0000000087800000, 0x0000000087800000|100%| E|CS|TAMS 0x0000000087700000| PB 0x0000000087700000| Complete 
|  80|0x0000000087800000, 0x0000000087900000, 0x0000000087900000|100%| E|CS|TAMS 0x0000000087800000| PB 0x0000000087800000| Complete 
|  81|0x0000000087900000, 0x0000000087a00000, 0x0000000087a00000|100%| E|CS|TAMS 0x0000000087900000| PB 0x0000000087900000| Complete 
|  82|0x0000000087a00000, 0x0000000087b00000, 0x0000000087b00000|100%| E|CS|TAMS 0x0000000087a00000| PB 0x0000000087a00000| Complete 
|  83|0x0000000087b00000, 0x0000000087c00000, 0x0000000087c00000|100%| E|CS|TAMS 0x0000000087b00000| PB 0x0000000087b00000| Complete 
|  84|0x0000000087c00000, 0x0000000087d00000, 0x0000000087d00000|100%| E|CS|TAMS 0x0000000087c00000| PB 0x0000000087c00000| Complete 
|  85|0x0000000087d00000, 0x0000000087e00000, 0x0000000087e00000|100%| E|CS|TAMS 0x0000000087d00000| PB 0x0000000087d00000| Complete 
|  86|0x0000000087e00000, 0x0000000087f00000, 0x0000000087f00000|100%| E|CS|TAMS 0x0000000087e00000| PB 0x0000000087e00000| Complete 
|  87|0x0000000087f00000, 0x0000000088000000, 0x0000000088000000|100%| E|CS|TAMS 0x0000000087f00000| PB 0x0000000087f00000| Complete 
|  88|0x0000000088000000, 0x0000000088100000, 0x0000000088100000|100%| E|CS|TAMS 0x0000000088000000| PB 0x0000000088000000| Complete 
|  89|0x0000000088100000, 0x0000000088200000, 0x0000000088200000|100%| E|CS|TAMS 0x0000000088100000| PB 0x0000000088100000| Complete 
|  90|0x0000000088200000, 0x0000000088300000, 0x0000000088300000|100%| E|CS|TAMS 0x0000000088200000| PB 0x0000000088200000| Complete 
|  91|0x0000000088300000, 0x0000000088400000, 0x0000000088400000|100%| E|CS|TAMS 0x0000000088300000| PB 0x0000000088300000| Complete 
|  92|0x0000000088400000, 0x0000000088500000, 0x0000000088500000|100%| E|CS|TAMS 0x0000000088400000| PB 0x0000000088400000| Complete 
|  93|0x0000000088500000, 0x0000000088585e48, 0x0000000088600000| 52%| S|CS|TAMS 0x0000000088500000| PB 0x0000000088500000| Complete 
|  94|0x0000000088600000, 0x0000000088700000, 0x0000000088700000|100%| E|CS|TAMS 0x0000000088600000| PB 0x0000000088600000| Complete 
|  95|0x0000000088700000, 0x0000000088800000, 0x0000000088800000|100%| E|CS|TAMS 0x0000000088700000| PB 0x0000000088700000| Complete 
|  96|0x0000000088800000, 0x0000000088900000, 0x0000000088900000|100%| E|CS|TAMS 0x0000000088800000| PB 0x0000000088800000| Complete 
|  97|0x0000000088900000, 0x0000000088a00000, 0x0000000088a00000|100%| E|CS|TAMS 0x0000000088900000| PB 0x0000000088900000| Complete 
|  98|0x0000000088a00000, 0x0000000088b00000, 0x0000000088b00000|100%| E|CS|TAMS 0x0000000088a00000| PB 0x0000000088a00000| Complete 
|  99|0x0000000088b00000, 0x0000000088c00000, 0x0000000088c00000|100%| E|CS|TAMS 0x0000000088b00000| PB 0x0000000088b00000| Complete 
| 100|0x0000000088c00000, 0x0000000088d00000, 0x0000000088d00000|100%| E|CS|TAMS 0x0000000088c00000| PB 0x0000000088c00000| Complete 
| 101|0x0000000088d00000, 0x0000000088e00000, 0x0000000088e00000|100%| E|CS|TAMS 0x0000000088d00000| PB 0x0000000088d00000| Complete 
| 102|0x0000000088e00000, 0x0000000088f00000, 0x0000000088f00000|100%| E|CS|TAMS 0x0000000088e00000| PB 0x0000000088e00000| Complete 
| 103|0x0000000088f00000, 0x0000000089000000, 0x0000000089000000|100%| E|CS|TAMS 0x0000000088f00000| PB 0x0000000088f00000| Complete 
| 104|0x0000000089000000, 0x0000000089100000, 0x0000000089100000|100%| E|CS|TAMS 0x0000000089000000| PB 0x0000000089000000| Complete 
| 105|0x0000000089100000, 0x0000000089200000, 0x0000000089200000|100%| E|CS|TAMS 0x0000000089100000| PB 0x0000000089100000| Complete 
| 106|0x0000000089200000, 0x0000000089300000, 0x0000000089300000|100%| E|CS|TAMS 0x0000000089200000| PB 0x0000000089200000| Complete 
| 107|0x0000000089300000, 0x0000000089400000, 0x0000000089400000|100%| E|CS|TAMS 0x0000000089300000| PB 0x0000000089300000| Complete 
| 108|0x0000000089400000, 0x0000000089500000, 0x0000000089500000|100%| E|CS|TAMS 0x0000000089400000| PB 0x0000000089400000| Complete 
| 109|0x0000000089500000, 0x0000000089600000, 0x0000000089600000|100%| E|CS|TAMS 0x0000000089500000| PB 0x0000000089500000| Complete 
| 110|0x0000000089600000, 0x0000000089700000, 0x0000000089700000|100%| E|CS|TAMS 0x0000000089600000| PB 0x0000000089600000| Complete 
| 111|0x0000000089700000, 0x0000000089800000, 0x0000000089800000|100%| E|CS|TAMS 0x0000000089700000| PB 0x0000000089700000| Complete 
| 112|0x0000000089800000, 0x0000000089900000, 0x0000000089900000|100%| E|CS|TAMS 0x0000000089800000| PB 0x0000000089800000| Complete 
| 113|0x0000000089900000, 0x0000000089a00000, 0x0000000089a00000|100%| E|CS|TAMS 0x0000000089900000| PB 0x0000000089900000| Complete 
| 114|0x0000000089a00000, 0x0000000089b00000, 0x0000000089b00000|100%| E|CS|TAMS 0x0000000089a00000| PB 0x0000000089a00000| Complete 
| 115|0x0000000089b00000, 0x0000000089c00000, 0x0000000089c00000|100%| E|CS|TAMS 0x0000000089b00000| PB 0x0000000089b00000| Complete 
| 116|0x0000000089c00000, 0x0000000089d00000, 0x0000000089d00000|100%| E|CS|TAMS 0x0000000089c00000| PB 0x0000000089c00000| Complete 
| 117|0x0000000089d00000, 0x0000000089e00000, 0x0000000089e00000|100%| E|CS|TAMS 0x0000000089d00000| PB 0x0000000089d00000| Complete 
| 118|0x0000000089e00000, 0x0000000089f00000, 0x0000000089f00000|100%| E|CS|TAMS 0x0000000089e00000| PB 0x0000000089e00000| Complete 
| 119|0x0000000089f00000, 0x000000008a000000, 0x000000008a000000|100%| E|CS|TAMS 0x0000000089f00000| PB 0x0000000089f00000| Complete 
| 120|0x000000008a000000, 0x000000008a100000, 0x000000008a100000|100%| E|CS|TAMS 0x000000008a000000| PB 0x000000008a000000| Complete 
| 121|0x000000008a100000, 0x000000008a200000, 0x000000008a200000|100%| E|CS|TAMS 0x000000008a100000| PB 0x000000008a100000| Complete 
| 122|0x000000008a200000, 0x000000008a300000, 0x000000008a300000|100%| E|CS|TAMS 0x000000008a200000| PB 0x000000008a200000| Complete 
| 123|0x000000008a300000, 0x000000008a400000, 0x000000008a400000|100%| E|CS|TAMS 0x000000008a300000| PB 0x000000008a300000| Complete 
| 124|0x000000008a400000, 0x000000008a500000, 0x000000008a500000|100%| E|CS|TAMS 0x000000008a400000| PB 0x000000008a400000| Complete 
| 125|0x000000008a500000, 0x000000008a600000, 0x000000008a600000|100%| E|CS|TAMS 0x000000008a500000| PB 0x000000008a500000| Complete 

Card table byte_map: [0x0000018d303c0000,0x0000018d307b0000] _byte_map_base: 0x0000018d2ffac000

Marking Bits: (CMBitMap*) 0x0000018d1861c990
 Bits: [0x0000018d307b0000, 0x0000018d32710000)

Polling page: 0x0000018d17d80000

Metaspace:

Usage:
  Non-class:      8.35 MB used.
      Class:      1.22 MB used.
       Both:      9.57 MB used.

Virtual space:
  Non-class space:       64.00 MB reserved,       8.44 MB ( 13%) committed,  1 nodes.
      Class space:        1.00 GB reserved,       1.31 MB ( <1%) committed,  1 nodes.
             Both:        1.06 GB reserved,       9.75 MB ( <1%) committed. 

Chunk freelists:
   Non-Class:  7.14 MB
       Class:  14.54 MB
        Both:  21.69 MB

MaxMetaspaceSize: unlimited
CompressedClassSpaceSize: 1.00 GB
Initial GC threshold: 21.00 MB
Current GC threshold: 21.00 MB
CDS: on
 - commit_granule_bytes: 65536.
 - commit_granule_words: 8192.
 - virtual_space_node_default_size: 8388608.
 - enlarge_chunks_in_place: 1.
 - use_allocation_guard: 0.


Internal statistics:

num_allocs_failed_limit: 0.
num_arena_births: 54.
num_arena_deaths: 0.
num_vsnodes_births: 2.
num_vsnodes_deaths: 0.
num_space_committed: 156.
num_space_uncommitted: 0.
num_chunks_returned_to_freelist: 0.
num_chunks_taken_from_freelist: 286.
num_chunk_merges: 0.
num_chunk_splits: 214.
num_chunks_enlarged: 188.
num_inconsistent_stats: 0.

CodeHeap 'non-profiled nmethods': size=120000Kb used=1545Kb max_used=1545Kb free=118454Kb
 bounds [0x0000018d28760000, 0x0000018d289d0000, 0x0000018d2fc90000]
CodeHeap 'profiled nmethods': size=120000Kb used=4270Kb max_used=4270Kb free=115729Kb
 bounds [0x0000018d20c90000, 0x0000018d210c0000, 0x0000018d281c0000]
CodeHeap 'non-nmethods': size=5760Kb used=1387Kb max_used=1461Kb free=4372Kb
 bounds [0x0000018d281c0000, 0x0000018d28430000, 0x0000018d28760000]
 total_blobs=2610 nmethods=2128 adapters=386
 compilation: enabled
              stopped_count=0, restarted_count=0
 full_count=0

Compilation events (20 events):
Event: 7.169 Thread 0x0000018d7b9c1550 2119       4       java.lang.String::indexOf (64 bytes)
Event: 7.171 Thread 0x0000018d7b9c1550 nmethod 2119 0x0000018d288d9d90 code [0x0000018d288d9f20, 0x0000018d288da188]
Event: 7.171 Thread 0x0000018d7b9c1550 2120       4       java.lang.StringLatin1::indexOf (25 bytes)
Event: 7.172 Thread 0x0000018d351659a0 2121       3       edu.umd.cs.findbugs.classfile.engine.ClassParser::checkConstantPoolIndex (39 bytes)
Event: 7.172 Thread 0x0000018d351659a0 nmethod 2121 0x0000018d210ba810 code [0x0000018d210ba9c0, 0x0000018d210bac68]
Event: 7.172 Thread 0x0000018d7b9c1550 nmethod 2120 0x0000018d288da290 code [0x0000018d288da420, 0x0000018d288da648]
Event: 7.172 Thread 0x0000018d351659a0 2122       3       edu.umd.cs.findbugs.classfile.engine.ClassParser::checkConstantTag (25 bytes)
Event: 7.172 Thread 0x0000018d351659a0 nmethod 2122 0x0000018d210bad90 code [0x0000018d210baf40, 0x0000018d210bb178]
Event: 7.173 Thread 0x0000018d7b9c1550 2123       4       java.io.BufferedInputStream::read1 (121 bytes)
Event: 7.175 Thread 0x0000018d351659a0 2127       3       edu.umd.cs.findbugs.classfile.engine.ClassParser::getUtf8String (28 bytes)
Event: 7.175 Thread 0x0000018d351659a0 nmethod 2127 0x0000018d210bb290 code [0x0000018d210bb460, 0x0000018d210bb898]
Event: 7.187 Thread 0x0000018d7b9c1550 nmethod 2123 0x0000018d288da710 code [0x0000018d288da8e0, 0x0000018d288dae70]
Event: 7.187 Thread 0x0000018d7b9c1550 2124       4       java.io.DataInputStream::readFully (59 bytes)
Event: 7.190 Thread 0x0000018d7c3f0310 nmethod 2106 0x0000018d288db110 code [0x0000018d288db300, 0x0000018d288dbf78]
Event: 7.190 Thread 0x0000018d7c3f0310 2126       4       java.io.BufferedInputStream::implRead (112 bytes)
Event: 7.213 Thread 0x0000018d7c3f0310 nmethod 2126 0x0000018d288dc290 code [0x0000018d288dc4e0, 0x0000018d288dd360]
Event: 7.213 Thread 0x0000018d7c3f0310 2128       4       sun.net.www.ParseUtil::firstEncodeIndex (86 bytes)
Event: 7.218 Thread 0x0000018d7c3f0310 nmethod 2128 0x0000018d288dda10 code [0x0000018d288ddbc0, 0x0000018d288dde30]
Event: 7.218 Thread 0x0000018d7c3f0310 2125   !   4       java.io.BufferedInputStream::read (69 bytes)
Event: 7.225 Thread 0x0000018d7c3f0310 nmethod 2125 0x0000018d288de090 code [0x0000018d288de280, 0x0000018d288de6f8]

GC Heap History (4 events):
Event: 2.599 GC heap before
{Heap before GC invocations=0 (full 0):
 garbage-first heap   total 129024K, used 22528K [0x0000000082800000, 0x0000000100000000)
  region size 1024K, 23 young (23552K), 0 survivors (0K)
 Metaspace       used 4877K, committed 5056K, reserved 1114112K
  class space    used 560K, committed 640K, reserved 1048576K
}
Event: 3.133 GC heap after
{Heap after GC invocations=1 (full 0):
 garbage-first heap   total 129024K, used 4863K [0x0000000082800000, 0x0000000100000000)
  region size 1024K, 3 young (3072K), 3 survivors (3072K)
 Metaspace       used 4877K, committed 5056K, reserved 1114112K
  class space    used 560K, committed 640K, reserved 1048576K
}
Event: 4.118 GC heap before
{Heap before GC invocations=1 (full 0):
 garbage-first heap   total 129024K, used 34559K [0x0000000082800000, 0x0000000100000000)
  region size 1024K, 32 young (32768K), 3 survivors (3072K)
 Metaspace       used 6213K, committed 6400K, reserved 1114112K
  class space    used 850K, committed 960K, reserved 1048576K
}
Event: 4.124 GC heap after
{Heap after GC invocations=2 (full 0):
 garbage-first heap   total 129024K, used 5655K [0x0000000082800000, 0x0000000100000000)
  region size 1024K, 1 young (1024K), 1 survivors (1024K)
 Metaspace       used 6213K, committed 6400K, reserved 1114112K
  class space    used 850K, committed 960K, reserved 1048576K
}

Dll operation events (9 events):
Event: 0.117 Loaded shared library C:\Program Files\Eclipse Adoptium\jdk-21.0.4.7-hotspot\bin\java.dll
Event: 0.331 Loaded shared library C:\Program Files\Eclipse Adoptium\jdk-21.0.4.7-hotspot\bin\jsvml.dll
Event: 0.434 Loaded shared library C:\Program Files\Eclipse Adoptium\jdk-21.0.4.7-hotspot\bin\net.dll
Event: 0.445 Loaded shared library C:\Program Files\Eclipse Adoptium\jdk-21.0.4.7-hotspot\bin\nio.dll
Event: 0.467 Loaded shared library C:\Program Files\Eclipse Adoptium\jdk-21.0.4.7-hotspot\bin\zip.dll
Event: 0.707 Loaded shared library C:\Program Files\Eclipse Adoptium\jdk-21.0.4.7-hotspot\bin\jimage.dll
Event: 1.456 Loaded shared library C:\Program Files\Eclipse Adoptium\jdk-21.0.4.7-hotspot\bin\verify.dll
Event: 6.225 Loaded shared library C:\Program Files\Eclipse Adoptium\jdk-21.0.4.7-hotspot\bin\management.dll
Event: 6.229 Loaded shared library C:\Program Files\Eclipse Adoptium\jdk-21.0.4.7-hotspot\bin\management_ext.dll

Deoptimization events (20 events):
Event: 6.815 Thread 0x0000018d185cb8d0 Uncommon trap: trap_request=0xffffff6e fr.pc=0x0000018d28787d2c relative=0x000000000000018c
Event: 6.815 Thread 0x0000018d185cb8d0 Uncommon trap: reason=loop_limit_check action=maybe_recompile pc=0x0000018d28787d2c method=java.lang.StringLatin1.lastIndexOf([BII)I @ 19 c2
Event: 6.815 Thread 0x0000018d185cb8d0 DEOPT PACKING pc=0x0000018d28787d2c sp=0x000000324bffeb60
Event: 6.815 Thread 0x0000018d185cb8d0 DEOPT UNPACKING pc=0x0000018d282146a2 sp=0x000000324bffeae0 mode 2
Event: 7.095 Thread 0x0000018d185cb8d0 Uncommon trap: trap_request=0xffffffde fr.pc=0x0000018d288cf5dc relative=0x000000000000013c
Event: 7.095 Thread 0x0000018d185cb8d0 Uncommon trap: reason=class_check action=maybe_recompile pc=0x0000018d288cf5dc method=jdk.internal.misc.Unsafe.allocateUninitializedArray(Ljava/lang/Class;I)Ljava/lang/Object; @ 51 c2
Event: 7.095 Thread 0x0000018d185cb8d0 DEOPT PACKING pc=0x0000018d288cf5dc sp=0x000000324bffe7e0
Event: 7.095 Thread 0x0000018d185cb8d0 DEOPT UNPACKING pc=0x0000018d282146a2 sp=0x000000324bffe758 mode 2
Event: 7.096 Thread 0x0000018d185cb8d0 Uncommon trap: trap_request=0xffffffde fr.pc=0x0000018d288cf5dc relative=0x000000000000013c
Event: 7.096 Thread 0x0000018d185cb8d0 Uncommon trap: reason=class_check action=maybe_recompile pc=0x0000018d288cf5dc method=jdk.internal.misc.Unsafe.allocateUninitializedArray(Ljava/lang/Class;I)Ljava/lang/Object; @ 51 c2
Event: 7.096 Thread 0x0000018d185cb8d0 DEOPT PACKING pc=0x0000018d288cf5dc sp=0x000000324bffe7e0
Event: 7.096 Thread 0x0000018d185cb8d0 DEOPT UNPACKING pc=0x0000018d282146a2 sp=0x000000324bffe758 mode 2
Event: 7.096 Thread 0x0000018d185cb8d0 Uncommon trap: trap_request=0xffffffde fr.pc=0x0000018d288cf5dc relative=0x000000000000013c
Event: 7.096 Thread 0x0000018d185cb8d0 Uncommon trap: reason=class_check action=maybe_recompile pc=0x0000018d288cf5dc method=jdk.internal.misc.Unsafe.allocateUninitializedArray(Ljava/lang/Class;I)Ljava/lang/Object; @ 51 c2
Event: 7.096 Thread 0x0000018d185cb8d0 DEOPT PACKING pc=0x0000018d288cf5dc sp=0x000000324bffe7e0
Event: 7.096 Thread 0x0000018d185cb8d0 DEOPT UNPACKING pc=0x0000018d282146a2 sp=0x000000324bffe758 mode 2
Event: 7.096 Thread 0x0000018d185cb8d0 Uncommon trap: trap_request=0xffffffde fr.pc=0x0000018d288cf5dc relative=0x000000000000013c
Event: 7.096 Thread 0x0000018d185cb8d0 Uncommon trap: reason=class_check action=maybe_recompile pc=0x0000018d288cf5dc method=jdk.internal.misc.Unsafe.allocateUninitializedArray(Ljava/lang/Class;I)Ljava/lang/Object; @ 51 c2
Event: 7.096 Thread 0x0000018d185cb8d0 DEOPT PACKING pc=0x0000018d288cf5dc sp=0x000000324bffe7e0
Event: 7.096 Thread 0x0000018d185cb8d0 DEOPT UNPACKING pc=0x0000018d282146a2 sp=0x000000324bffe758 mode 2

Classes loaded (20 events):
Event: 6.849 Loading class java/time/zone/Ser
Event: 6.849 Loading class java/io/Externalizable
Event: 6.849 Loading class java/io/Externalizable done
Event: 6.850 Loading class java/time/zone/Ser done
Event: 6.853 Loading class java/time/Month
Event: 6.854 Loading class java/time/Month done
Event: 6.854 Loading class java/time/DayOfWeek
Event: 6.854 Loading class java/time/DayOfWeek done
Event: 6.854 Loading class java/time/zone/ZoneOffsetTransitionRule$TimeDefinition
Event: 6.854 Loading class java/time/zone/ZoneOffsetTransitionRule$TimeDefinition done
Event: 6.854 Loading class java/time/zone/ZoneOffsetTransition
Event: 6.854 Loading class java/time/zone/ZoneOffsetTransition done
Event: 6.880 Loading class java/time/temporal/TemporalAdjusters
Event: 6.880 Loading class java/time/temporal/TemporalAdjusters done
Event: 6.891 Loading class jdk/internal/jimage/ImageReader$Resource
Event: 6.891 Loading class jdk/internal/jimage/ImageReader$Resource done
Event: 6.891 Loading class jdk/internal/jimage/ImageReader$LinkNode
Event: 6.891 Loading class jdk/internal/jimage/ImageReader$LinkNode done
Event: 6.998 Loading class java/nio/file/Files$2
Event: 6.998 Loading class java/nio/file/Files$2 done

Classes unloaded (0 events):
No events

Classes redefined (0 events):
No events

Internal exceptions (11 events):
Event: 1.085 Thread 0x0000018d185cb8d0 Exception <a 'java/lang/ClassNotFoundException'{0x0000000089ec6f40}: com/sun/org/apache/xerces/internal/impl/msg/spi/SAXMessagesProvider> (0x0000000089ec6f40) 
thrown [s\src\hotspot\share\classfile\systemDictionary.cpp, line 312]
Event: 3.644 Thread 0x0000018d185cb8d0 Implicit null exception at 0x0000018d28810900 to 0x0000018d28811548
Event: 3.650 Thread 0x0000018d185cb8d0 Implicit null exception at 0x0000018d288194a0 to 0x0000018d2881a050
Event: 5.760 Thread 0x0000018d185cb8d0 Exception <a 'java/lang/NoSuchMethodError'{0x0000000086926fe0}: 'int java.lang.invoke.DirectMethodHandle$Holder.invokeStaticInit(java.lang.Object, java.lang.Object, java.lang.Object)'> (0x0000000086926fe0) 
thrown [s\src\hotspot\share\interpreter\linkResolver.cpp, line 773]
Event: 6.201 Thread 0x0000018d185cb8d0 Implicit null exception at 0x0000018d2883b2a0 to 0x0000018d2883b4d0
Event: 6.254 Thread 0x0000018d185cb8d0 Exception <a 'java/lang/NoSuchMethodError'{0x0000000086683b20}: 'int java.lang.invoke.DirectMethodHandle$Holder.invokeSpecial(java.lang.Object, java.lang.Object, java.lang.Object)'> (0x0000000086683b20) 
thrown [s\src\hotspot\share\interpreter\linkResolver.cpp, line 773]
Event: 6.327 Thread 0x0000018d185cb8d0 Exception <a 'java/lang/NoSuchMethodError'{0x000000008651af28}: 'void java.lang.invoke.DirectMethodHandle$Holder.invokeSpecial(java.lang.Object, java.lang.Object, java.lang.Object)'> (0x000000008651af28) 
thrown [s\src\hotspot\share\interpreter\linkResolver.cpp, line 773]
Event: 6.504 Thread 0x0000018d185cb8d0 Exception <a 'java/lang/NoSuchMethodError'{0x00000000865cceb8}: 'java.lang.Object java.lang.invoke.DirectMethodHandle$Holder.invokeInterface(java.lang.Object, java.lang.Object)'> (0x00000000865cceb8) 
thrown [s\src\hotspot\share\interpreter\linkResolver.cpp, line 773]
Event: 6.513 Thread 0x0000018d185cb8d0 Exception <a 'java/lang/NoSuchMethodError'{0x00000000865dc4a8}: 'void java.lang.invoke.DirectMethodHandle$Holder.invokeStatic(java.lang.Object, java.lang.Object, java.lang.Object)'> (0x00000000865dc4a8) 
thrown [s\src\hotspot\share\interpreter\linkResolver.cpp, line 773]
Event: 6.880 Thread 0x0000018d185cb8d0 Exception <a 'java/lang/NoSuchMethodError'{0x0000000086068678}: 'java.lang.Object java.lang.invoke.DirectMethodHandle$Holder.invokeStatic(java.lang.Object, int, java.lang.Object)'> (0x0000000086068678) 
thrown [s\src\hotspot\share\interpreter\linkResolver.cpp, line 773]
Event: 6.998 Thread 0x0000018d185cb8d0 Exception <a 'java/lang/NoSuchMethodError'{0x0000000085d26318}: 'void java.lang.invoke.DirectMethodHandle$Holder.invokeStatic(java.lang.Object, java.lang.Object)'> (0x0000000085d26318) 
thrown [s\src\hotspot\share\interpreter\linkResolver.cpp, line 773]

ZGC Phase Switch (0 events):
No events

VM Operations (20 events):
Event: 3.648 Executing VM operation: HandshakeAllThreads (Deoptimize)
Event: 3.648 Executing VM operation: HandshakeAllThreads (Deoptimize) done
Event: 3.650 Executing VM operation: HandshakeAllThreads (Deoptimize)
Event: 3.650 Executing VM operation: HandshakeAllThreads (Deoptimize) done
Event: 4.118 Executing VM operation: G1CollectForAllocation (G1 Evacuation Pause)
Event: 4.124 Executing VM operation: G1CollectForAllocation (G1 Evacuation Pause) done
Event: 5.125 Executing VM operation: Cleanup
Event: 5.203 Executing VM operation: Cleanup done
Event: 5.827 Executing VM operation: HandshakeAllThreads (Deoptimize)
Event: 5.827 Executing VM operation: HandshakeAllThreads (Deoptimize) done
Event: 5.833 Executing VM operation: HandshakeAllThreads (Deoptimize)
Event: 5.833 Executing VM operation: HandshakeAllThreads (Deoptimize) done
Event: 5.841 Executing VM operation: HandshakeAllThreads (Deoptimize)
Event: 5.841 Executing VM operation: HandshakeAllThreads (Deoptimize) done
Event: 6.176 Executing VM operation: HandshakeAllThreads (Deoptimize)
Event: 6.194 Executing VM operation: HandshakeAllThreads (Deoptimize) done
Event: 6.215 Executing VM operation: HandshakeAllThreads (Deoptimize)
Event: 6.215 Executing VM operation: HandshakeAllThreads (Deoptimize) done
Event: 6.215 Executing VM operation: Cleanup
Event: 6.215 Executing VM operation: Cleanup done

Memory protections (0 events):
No events

Nmethod flushes (0 events):
No events

Events (20 events):
Event: 0.271 Thread 0x0000018d185cb8d0 Thread added: 0x0000018d35157760
Event: 0.271 Thread 0x0000018d185cb8d0 Thread added: 0x0000018d351582c0
Event: 0.271 Thread 0x0000018d185cb8d0 Thread added: 0x0000018d3515ee40
Event: 0.271 Thread 0x0000018d185cb8d0 Thread added: 0x0000018d3515f8a0
Event: 0.271 Thread 0x0000018d185cb8d0 Thread added: 0x0000018d35160300
Event: 0.271 Thread 0x0000018d185cb8d0 Thread added: 0x0000018d35160d60
Event: 0.271 Thread 0x0000018d185cb8d0 Thread added: 0x0000018d35161af0
Event: 0.292 Thread 0x0000018d185cb8d0 Thread added: 0x0000018d351659a0
Event: 0.397 Thread 0x0000018d185cb8d0 Thread added: 0x0000018d353dafa0
Event: 0.401 Thread 0x0000018d185cb8d0 Thread added: 0x0000018d353dc3f0
Event: 1.272 Thread 0x0000018d351659a0 Thread added: 0x0000018d357f3000
Event: 1.273 Thread 0x0000018d351659a0 Thread added: 0x0000018d357f42c0
Event: 1.661 Thread 0x0000018d357f42c0 Thread exited: 0x0000018d357f42c0
Event: 2.058 Thread 0x0000018d351659a0 Thread added: 0x0000018d7b1a7f50
Event: 3.628 Thread 0x0000018d7b1a7f50 Thread exited: 0x0000018d7b1a7f50
Event: 3.727 Thread 0x0000018d35161af0 Thread added: 0x0000018d7c3f0310
Event: 4.320 Thread 0x0000018d7c3f0310 Thread exited: 0x0000018d7c3f0310
Event: 4.321 Thread 0x0000018d357f3000 Thread exited: 0x0000018d357f3000
Event: 5.312 Thread 0x0000018d35161af0 Thread added: 0x0000018d7c3f0310
Event: 5.552 Thread 0x0000018d351659a0 Thread added: 0x0000018d7b9c1550


Dynamic libraries:
0x00007ff6545c0000 - 0x00007ff6545ce000 	C:\Program Files\Eclipse Adoptium\jdk-21.0.4.7-hotspot\bin\java.exe
0x00007ffc05dd0000 - 0x00007ffc05fe7000 	C:\WINDOWS\SYSTEM32\ntdll.dll
0x00007ffc04ea0000 - 0x00007ffc04f64000 	C:\WINDOWS\System32\KERNEL32.DLL
0x00007ffc033f0000 - 0x00007ffc037a9000 	C:\WINDOWS\System32\KERNELBASE.dll
0x00007ffc032d0000 - 0x00007ffc033e1000 	C:\WINDOWS\System32\ucrtbase.dll
0x00007ffbfc240000 - 0x00007ffbfc25b000 	C:\Program Files\Eclipse Adoptium\jdk-21.0.4.7-hotspot\bin\VCRUNTIME140.dll
0x00007ffbfc5d0000 - 0x00007ffbfc5e8000 	C:\Program Files\Eclipse Adoptium\jdk-21.0.4.7-hotspot\bin\jli.dll
0x00007ffc03ff0000 - 0x00007ffc0419e000 	C:\WINDOWS\System32\USER32.dll
0x00007ffc031e0000 - 0x00007ffc03206000 	C:\WINDOWS\System32\win32u.dll
0x00007ffc059a0000 - 0x00007ffc059c9000 	C:\WINDOWS\System32\GDI32.dll
0x00007ffc037b0000 - 0x00007ffc038cb000 	C:\WINDOWS\System32\gdi32full.dll
0x00007ffc03140000 - 0x00007ffc031da000 	C:\WINDOWS\System32\msvcp_win.dll
0x00007ffbf0e20000 - 0x00007ffbf10b2000 	C:\WINDOWS\WinSxS\amd64_microsoft.windows.common-controls_6595b64144ccf1df_6.0.22621.4391_none_2715d37f73803e96\COMCTL32.dll
0x00007ffc03c50000 - 0x00007ffc03cf7000 	C:\WINDOWS\System32\msvcrt.dll
0x00007ffc05260000 - 0x00007ffc05291000 	C:\WINDOWS\System32\IMM32.DLL
0x00007ffbfe1e0000 - 0x00007ffbfe1ec000 	C:\Program Files\Eclipse Adoptium\jdk-21.0.4.7-hotspot\bin\vcruntime140_1.dll
0x00007ffba6190000 - 0x00007ffba621e000 	C:\Program Files\Eclipse Adoptium\jdk-21.0.4.7-hotspot\bin\msvcp140.dll
0x00007ffb7d0c0000 - 0x00007ffb7de48000 	C:\Program Files\Eclipse Adoptium\jdk-21.0.4.7-hotspot\bin\server\jvm.dll
0x00007ffc054a0000 - 0x00007ffc05552000 	C:\WINDOWS\System32\ADVAPI32.dll
0x00007ffc05ce0000 - 0x00007ffc05d87000 	C:\WINDOWS\System32\sechost.dll
0x00007ffc038d0000 - 0x00007ffc038f8000 	C:\WINDOWS\System32\bcrypt.dll
0x00007ffc05b80000 - 0x00007ffc05c94000 	C:\WINDOWS\System32\RPCRT4.dll
0x00007ffc05300000 - 0x00007ffc05371000 	C:\WINDOWS\System32\WS2_32.dll
0x00007ffc01f60000 - 0x00007ffc01fad000 	C:\WINDOWS\SYSTEM32\POWRPROF.dll
0x00007ffbfb2e0000 - 0x00007ffbfb314000 	C:\WINDOWS\SYSTEM32\WINMM.dll
0x00007ffbfef00000 - 0x00007ffbfef0a000 	C:\WINDOWS\SYSTEM32\VERSION.dll
0x00007ffc01f40000 - 0x00007ffc01f53000 	C:\WINDOWS\SYSTEM32\UMPDC.dll
0x00007ffc021a0000 - 0x00007ffc021b8000 	C:\WINDOWS\SYSTEM32\kernel.appcore.dll
0x00007ffbfd7b0000 - 0x00007ffbfd7ba000 	C:\Program Files\Eclipse Adoptium\jdk-21.0.4.7-hotspot\bin\jimage.dll
0x00007ffbf9940000 - 0x00007ffbf9b72000 	C:\WINDOWS\SYSTEM32\DBGHELP.DLL
0x00007ffc05560000 - 0x00007ffc058ef000 	C:\WINDOWS\System32\combase.dll
0x00007ffc03d90000 - 0x00007ffc03e67000 	C:\WINDOWS\System32\OLEAUT32.dll
0x00007ffbedc10000 - 0x00007ffbedc42000 	C:\WINDOWS\SYSTEM32\dbgcore.DLL
0x00007ffc03900000 - 0x00007ffc0397b000 	C:\WINDOWS\System32\bcryptPrimitives.dll
0x00007ffbfb6b0000 - 0x00007ffbfb6cf000 	C:\Program Files\Eclipse Adoptium\jdk-21.0.4.7-hotspot\bin\java.dll
0x00007ffc04620000 - 0x00007ffc04e96000 	C:\WINDOWS\System32\SHELL32.dll
0x00007ffc01020000 - 0x00007ffc01923000 	C:\WINDOWS\SYSTEM32\windows.storage.dll
0x00007ffc00ee0000 - 0x00007ffc0101f000 	C:\WINDOWS\SYSTEM32\wintypes.dll
0x00007ffc05380000 - 0x00007ffc05479000 	C:\WINDOWS\System32\SHCORE.dll
0x00007ffc052a0000 - 0x00007ffc052fe000 	C:\WINDOWS\System32\shlwapi.dll
0x00007ffc03000000 - 0x00007ffc0302b000 	C:\WINDOWS\SYSTEM32\profapi.dll
0x00007ffba60b0000 - 0x00007ffba6187000 	C:\Program Files\Eclipse Adoptium\jdk-21.0.4.7-hotspot\bin\jsvml.dll
0x00007ffbfc230000 - 0x00007ffbfc240000 	C:\Program Files\Eclipse Adoptium\jdk-21.0.4.7-hotspot\bin\net.dll
0x00007ffbfe910000 - 0x00007ffbfea46000 	C:\WINDOWS\SYSTEM32\WINHTTP.dll
0x00007ffc02680000 - 0x00007ffc026e9000 	C:\WINDOWS\system32\mswsock.dll
0x00007ffbfb510000 - 0x00007ffbfb526000 	C:\Program Files\Eclipse Adoptium\jdk-21.0.4.7-hotspot\bin\nio.dll
0x00007ffbf3020000 - 0x00007ffbf3038000 	C:\Program Files\Eclipse Adoptium\jdk-21.0.4.7-hotspot\bin\zip.dll
0x00007ffbfbed0000 - 0x00007ffbfbee0000 	C:\Program Files\Eclipse Adoptium\jdk-21.0.4.7-hotspot\bin\verify.dll
0x00007ffbfb5b0000 - 0x00007ffbfb5ba000 	C:\Program Files\Eclipse Adoptium\jdk-21.0.4.7-hotspot\bin\management.dll
0x00007ffbfb3c0000 - 0x00007ffbfb3cb000 	C:\Program Files\Eclipse Adoptium\jdk-21.0.4.7-hotspot\bin\management_ext.dll
0x00007ffc05ca0000 - 0x00007ffc05ca8000 	C:\WINDOWS\System32\PSAPI.DLL

dbghelp: loaded successfully - version: 4.0.5 - missing functions: none
symbol engine: initialized successfully - sym options: 0x614 - pdb path: .;C:\Program Files\Eclipse Adoptium\jdk-21.0.4.7-hotspot\bin;C:\WINDOWS\SYSTEM32;C:\WINDOWS\WinSxS\amd64_microsoft.windows.common-controls_6595b64144ccf1df_6.0.22621.4391_none_2715d37f73803e96;C:\Program Files\Eclipse Adoptium\jdk-21.0.4.7-hotspot\bin\server

VM Arguments:
jvm_args: -Dfile.encoding=UTF-8 -Duser.country=IT -Duser.language=it -Duser.variant 
java_command: edu.umd.cs.findbugs.FindBugs2 -exitcode -timestampNow -auxclasspathFromFile C:\Users\stefa\Desktop\Java\lab11\lab11\114-workers\build\spotbugs\auxclasspath\spotbugsTest -sourcepath C:\Users\stefa\Desktop\Java\lab11\lab11\114-workers\src\test\resources;C:\Users\stefa\Desktop\Java\lab11\lab11\114-workers\src\test\java -effort:max -low -exclude C:\Users\stefa\Desktop\Java\lab11\lab11\114-workers\build\javaqa\spotbugs-excludes.xml -onlyAnalyze  -projectName 114-workers (spotbugsTest) -release unspecified -analyzeFromFile C:\Users\stefa\Desktop\Java\lab11\lab11\114-workers\build\spotbugsTest-analyse-class-file.txt
java_class_path (initial): C:\Users\stefa\.gradle\caches\modules-2\files-2.1\org.slf4j\slf4j-simple\2.0.0\bf7158cef919bb65a6de45766fcf0546a88f5907\slf4j-simple-2.0.0.jar;C:\Users\stefa\.gradle\caches\modules-2\files-2.1\org.slf4j\slf4j-api\2.0.0\82b150a36b504a09076b29c0509e31702c9c3999\slf4j-api-2.0.0.jar;C:\Users\stefa\.gradle\caches\modules-2\files-2.1\com.github.spotbugs\spotbugs\4.8.6\b1687c67916620e1aa732ced1c1262552278412c\spotbugs-4.8.6.jar;C:\Users\stefa\.gradle\caches\modules-2\files-2.1\jaxen\jaxen\2.0.0\bd6a33b0fda054a5678010df843cc999f288dc6c\jaxen-2.0.0.jar;C:\Users\stefa\.gradle\caches\modules-2\files-2.1\net.sf.saxon\Saxon-HE\12.4\b532e44a8bf4007bbce69467801778a955599c52\Saxon-HE-12.4.jar;C:\Users\stefa\.gradle\caches\modules-2\files-2.1\com.github.spotbugs\spotbugs-annotations\4.8.6\1dcffed3e561ed32134a0dff4717f19bc2fdf4d8\spotbugs-annotations-4.8.6.jar;C:\Users\stefa\.gradle\caches\modules-2\files-2.1\org.apache.logging.log4j\log4j-core\2.23.1\905802940e2c78042d75b837c136ac477d2b4e4d\log4j-core-2.23.1.jar;C:\Users\stefa\.gradle\caches\modules-2\files-2.1\org.ow2.asm\asm-commons\9.7\e86dda4696d3c185fcc95d8d311904e7ce38a53f\asm-commons-9.7.jar;C:\Users\stefa\.gradle\caches\modules-2\files-2.1\org.ow2.asm\asm-util\9.7\c0655519f24d92af2202cb681cd7c1569df6ead6\asm-util-9.7.jar;C:\Users\stefa\.gradle\caches\modules-2\files-2.1\org.ow2.asm\asm-analysis\9.7\e4a258b7eb96107106c0599f0061cfc1832fe07a\asm-analysis-9.7.jar;C:\Users\stefa\.gradle\caches\modules-2\files-2.1\org.ow2.asm\asm-tree\9.7\e446a17b175bfb733b87c5c2560ccb4e57d69f1a\asm-tree-9.7.jar;C:\Users\stefa\.gradle\caches\modules-2\files-2.1\org.ow2.asm\asm\9.7\73d7b3086e14beb604ced229c302feff6449723\asm-9.7.jar;C:\Users\stefa\.gradle\caches\modules-2\files-2.1\org.apache.bcel\bcel\6.9.0\a3fa810b74ecff2c72aeb44d34ab8d5e7fab8d73\bcel-6.9.0.jar;C:\Users\stefa\.gradle\caches\modules-2\files-2.1\com.github.stephenc.jcip\jcip-annotations\1.0-1\ef31541dd28ae2cefdd17c7ebf352d93e9058c63\jcip-annotations-1.0-1.jar;C:\Users\stefa\.gradle\caches\modules-2\files-2.1\org.dom4j\dom4j\2.1.4\35c16721b88cf17b8279fcb134c0abb161cc0e9b\dom4j-2.1.4.jar;C:\Users\stefa\.gradle\caches\modules-2\files-2.1\org.apache.commons\commons-text\1.10.0\3363381aef8cef2dbc1023b3e3a9433b08b64e01\commons-text-1.10.0.jar;C:\Users\stefa\.gradle\caches\modules-2\files-2.1\org.apache.commons\commons-lang3\3.14.0\1ed471194b02f2c6cb734a0cd6f6f107c673afae\commons-lang3-3.14.0.jar;C:\Users\stefa\.gradle\caches\modules-2\files-2.1\org.xmlresolver\xmlresolver\5.2.2\152378e04ba01898847bf38fad5023c7d52f0c9d\xmlresolver-5.2.2.jar;C:\Users\stefa\.gradle\caches\modules-2\files-2.1\org.xmlresolver\xmlresolver\5.2.2\5624ede8b8e374979194acaae9f34cff23b62b3e\xmlresolver-5.2.2-data.jar;C:\Users\stefa\.gradle\caches\modules-2\files-2.1\org.apache.httpcomponents.client5\httpclient5\5.1.3\13c984b7b881afcff3a7f0bb95878724a48a4b66\httpclient5-5.1.3.jar;C:\Users\stefa\.gradle\caches\modules-2\files-2.1\org.slf4j\slf4j-api\2.0.13\80229737f704b121a318bba5d5deacbcf395bc77\slf4j-api-2.0.13.jar;C:\Users\stefa\.gradle\caches\modules-2\files-2.1\com.google.code.gson\gson\2.11.0\527175ca6d81050b53bdd4c457a6d6e017626b0e\gson-2.11.0.jar;C:\Users\stefa\.gradle\caches\modules-2\files-2.1\org.apache.logging.log4j\log4j-api\2.23.1\9c15c29c526d9c6783049c0a77722693c66706e1\log4j-api-2.23.1.jar;C:\Users\stefa\.gradle\caches\modules-2\files-2.1\com.google.code.findbugs\jsr305\3.0.2\25ea2e8b0c338a877313bd4672d3fe056ea78f0d\jsr305-3.0.2.jar;C:\Users\stefa\.gradle\caches\modules-2\files-2.1\com.google.errorprone\error_prone_annotations\2.27.0\91b2c29d8a6148b5e2e4930f070d4840e2e48e34\error_prone_annotations-2.27.0.jar;C:\Users\stefa\.gradle\caches\modules-2\files-2.1\org.apache.httpcomponents.core5\httpcore5-h2\5.1.3\4664b59b09f5ee008e37a963bbb92f4068e91696\httpcore5-h2-5.1.3.jar;C:\Users\stefa\.gradle\caches\modules-2\files-2.1\org.apache.httpcomponents.core5\httpcore5\5.1.3\d1638d1e5f2793f187d4144c702a93524ba6fd3b\httpcore5-5.1.3.jar;C:\Users\stefa\.gradle\caches\modules-2\files-2.1\commons-codec\commons-codec\1.15\49d94806b6e3dc933dacbd8acb0fdbab8ebd1e5d\commons-codec-1.15.jar
Launcher Type: SUN_STANDARD

[Global flags]
     intx CICompilerCount                          = 4                                         {product} {ergonomic}
     uint ConcGCThreads                            = 2                                         {product} {ergonomic}
     uint G1ConcRefinementThreads                  = 8                                         {product} {ergonomic}
   size_t G1HeapRegionSize                         = 1048576                                   {product} {ergonomic}
    uintx GCDrainStackTargetSize                   = 64                                        {product} {ergonomic}
   size_t InitialHeapSize                          = 132120576                                 {product} {ergonomic}
   size_t MarkStackSize                            = 4194304                                   {product} {ergonomic}
   size_t MaxHeapSize                              = 2105540608                                {product} {ergonomic}
   size_t MaxNewSize                               = 1262485504                                {product} {ergonomic}
   size_t MinHeapDeltaBytes                        = 1048576                                   {product} {ergonomic}
   size_t MinHeapSize                              = 8388608                                   {product} {ergonomic}
    uintx NonNMethodCodeHeapSize                   = 5839372                                {pd product} {ergonomic}
    uintx NonProfiledCodeHeapSize                  = 122909434                              {pd product} {ergonomic}
    uintx ProfiledCodeHeapSize                     = 122909434                              {pd product} {ergonomic}
    uintx ReservedCodeCacheSize                    = 251658240                              {pd product} {ergonomic}
     bool SegmentedCodeCache                       = true                                      {product} {ergonomic}
   size_t SoftMaxHeapSize                          = 2105540608                             {manageable} {ergonomic}
     bool UseCompressedOops                        = true                           {product lp64_product} {ergonomic}
     bool UseG1GC                                  = true                                      {product} {ergonomic}
     bool UseLargePagesIndividualAllocation        = false                                  {pd product} {ergonomic}

Logging:
Log output configuration:
 #0: stdout all=warning uptime,level,tags foldmultilines=false
 #1: stderr all=off uptime,level,tags foldmultilines=false

Environment Variables:
JAVA_HOME=C:\Program Files\Eclipse Adoptium\jdk-21.0.4.7-hotspot\
PATH=C:\Users\stefa\bin;C:\Program Files\Git\mingw64\bin;C:\Program Files\Git\usr\local\bin;C:\Program Files\Git\usr\bin;C:\Program Files\Git\usr\bin;C:\Program Files\Git\mingw64\bin;C:\Program Files\Git\usr\bin;C:\Users\stefa\bin;C:\Program Files\Common Files\Oracle\Java\javapath;C:\Program Files (x86)\Common Files\Oracle\Java\javapath;C:\Program Files\Eclipse Adoptium\jdk-21.0.4.7-hotspot\bin;C:\WINDOWS\system32;C:\WINDOWS;C:\WINDOWS\System32\Wbem;C:\WINDOWS\System32\WindowsPowerShell\v1.0;C:\WINDOWS\System32\OpenSSH;C:\Program Files (x86)\dotnet;C:\Program Files (x86)\Windows Kits\10\Windows Performance Toolkit;C:\Users\stefa\Downloads\winlibs-x86_64-posix-seh-gcc-12.2.0-mingw-w64ucrt-10.0.0-r2\mingw64\bin;C:\Program Files\Git\cmd;C:\Users\stefa\AppData\Local\Microsoft\WindowsApps;C:\Users\stefa\AppData\Local\Programs\Microsoft VS Code\bin;C:\Program Files\Git\usr\bin\vendor_perl;C:\Program Files\Git\usr\bin\core_perl
USERNAME=stefa
SHELL=C:\Program Files\Git\usr\bin\bash.exe
DISPLAY=needs-to-be-defined
LANG=en_US.UTF-8
TERM=xterm-256color
TMPDIR=C:\Users\stefa\AppData\Local\Temp
OS=Windows_NT
PROCESSOR_IDENTIFIER=Intel64 Family 6 Model 142 Stepping 12, GenuineIntel
TMP=C:\Users\stefa\AppData\Local\Temp
TEMP=C:\Users\stefa\AppData\Local\Temp




Periodic native trim disabled

---------------  S Y S T E M  ---------------

OS:
 Windows 11 , 64 bit Build 22621 (10.0.22621.4391)
OS uptime: 9 days 7:03 hours

CPU: total 8 (initial active 8) (4 cores per cpu, 2 threads per core) family 6 model 142 stepping 12 microcode 0xde, cx8, cmov, fxsr, ht, mmx, 3dnowpref, sse, sse2, sse3, ssse3, sse4.1, sse4.2, popcnt, lzcnt, tsc, tscinvbit, avx, avx2, aes, erms, clmul, bmi1, bmi2, adx, fma, vzeroupper, clflush, clflushopt, rdtscp, f16c
Processor Information for all 8 processors :
  Max Mhz: 2112, Current Mhz: 2112, Mhz Limit: 1605

Memory: 4k page, system-wide physical 8025M (823M free)
TotalPageFile size 10073M (AvailPageFile size 5M)
current process WorkingSet (physical memory assigned to process): 177M, peak: 177M
current process commit charge ("private bytes"): 260M, peak: 268M

vm_info: OpenJDK 64-Bit Server VM (21.0.4+7-LTS) for windows-amd64 JRE (21.0.4+7-LTS), built on 2024-07-16T00:00:00Z by "admin" with MS VC++ 17.7 (VS2022)

END.
